10:30:21 Start: 488 series, done: 133
10:30:35 ALIAS: [69_2] "CARDCAPTOR櫻" <- "魔卡少女樱": CCS
10:30:51 ALIAS: [125_1] "請問您今天要來點兔子嗎？" <- "请问您今天要来点兔子吗？": 点兔展。该展会为线下巡回展
10:31:01 ALIAS: [193_1] "Fate/stay night comic battle" <- "Fate/stay night": stay night
10:31:18 ALIAS: [145_1] "CLOTH ROAD 服裝戰鬥師" <- "Majestic Magic": = 魔法乐园
10:31:18 Progress: 20/488, found: 4
10:31:31 ALIAS: [50_1] "K-ON！輕音部！High School" <- "放学后TEA TIME": "HTT"。
10:32:08 Progress: 40/488, found: 5
10:32:51 Progress: 60/488, found: 5

--- Resume: 2026-04-30T13:39:32.809Z ---
13:39:32 Start: 488 series, done: 138
13:40:58 Progress: 40/488, found: 0
13:41:45 Progress: 60/488, found: 0
13:42:24 ALIAS: [90_1] "東大特訓班" <- "东京大学": “东大”（
13:42:28 Progress: 80/488, found: 1
13:43:10 Progress: 100/488, found: 1
13:43:58 Progress: 120/488, found: 1
13:44:27 ALIAS: [34_1] "雲之彼端·約定的地方" <- "新海诚": = 诚哥、Makoto Shinkai、新津诚、旧海诚、电车
13:44:42 Progress: 140/488, found: 2
13:44:50 ALIAS: [38_1] "妙廟美少女" <- "少名针妙丸": =小碗、针妙碗、小公主
13:45:24 Progress: 160/488, found: 3
13:45:42 ALIAS: [188_1] "歡迎加入NHK！" <- "NHK": NHK。是日本的公共媒体机构
13:45:45 ALIAS: [382_1] "Sugar Dark" <- "晴日Sugar Wave": =晴日糖果风暴
13:45:49 ALIAS: [305_2] "天上天下" <- "大暮维人": = Oh!Great
13:45:58 Progress: 180/488, found: 6
13:46:05 ALIAS: [88_1] "86—不存在的戰區" <- "86 -不存在的战区-": RWS
13:47:34 ALIAS: [42_1] "目標是與美少女作家一起打造百萬暢銷書！！" <- "Mika Pikazo": = ミカ ピカゾ
13:47:45 Progress: 240/488, found: 8
13:48:09 ALIAS: [299_1] "糖果子彈" <- "少女前线:MP7": =奇塔
13:48:30 Progress: 260/488, found: 9
13:49:10 ALIAS: [194_1] "WHISTLE!" <- "Whistle of Revolution": =革命的哨声
13:49:13 Progress: 280/488, found: 10
13:49:36 ALIAS: [364_1] "異世界歸來的舅舅" <- "异世界舅舅": “”）
13:49:59 Progress: 300/488, found: 11
13:50:33 Progress: 320/488, found: 11
13:51:15 Progress: 340/488, found: 11
13:52:34 Progress: 380/488, found: 11
13:52:52 ALIAS: [174_1] "粉紅系男孩" <- "吹原幸太": = 吹原老师
13:52:58 ALIAS: [208_1] "只要妳說妳愛我" <- "Maria Trap": =玛利亚圈套
13:53:04 Progress: 400/488, found: 13
13:53:30 ALIAS: [9_3] "Look Back 驀然回首" <- "蓦然回首": = Lookback
13:53:50 Progress: 420/488, found: 14
13:55:17 Progress: 460/488, found: 14
13:56:13 Done! Aliases found for 14/488 series
