Total books: 4422
MISS:    [1/1/6] 約會大作戰 DATE A LIVE 6 (ISBN: 9789863255376)
MISS:    [226/1/1] 輝夜姬想讓人告白～ 同人版 1 (ISBN: 9789572637418)
Progress: 100/4422 | Matched: 6 | Missed: 2
MISS:    [226/1/2] 輝夜姬想讓人告白～ 同人版 2 (ISBN: 9789572637425)
MISS:    [226/1/3] 輝夜姬想讓人告白～ 同人版 3 (ISBN: 9789572647608)
MISS:    [226/1/4] 輝夜姬想讓人告白～ 同人版 4 (ISBN: 9789572656150)
MISS:    [10/1/2] 衛宮家今天的餐桌風景 2 (ISBN: 9789575644536)
MISS:    [12/2/1] Re:從零開始的異世界生活  第二章 宅邸的一週篇 1 (ISBN: 9789571074085)
MISS:    [12/2/2] Re:從零開始的異世界生活  第二章 宅邸的一週篇 2 (ISBN: 9789571073323)
MISS:    [12/2/3] Re:從零開始的異世界生活  第二章 宅邸的一週篇 3 (ISBN: 9789571075860)
MISS:    [12/2/4] Re:從零開始的異世界生活  第二章 宅邸的一週篇 4 (ISBN: 9789571077925)
MISS:    [12/2/5] Re:從零開始的異世界生活  第二章 宅邸的一週篇 5 (ISBN: 9789571082226)
MISS:    [12/3/8] Re:從零開始的異世界生活  第三章 Truth of Zero 8 (ISBN: 9789571089454)
MISS:    [12/3/9] Re:從零開始的異世界生活  第三章 Truth of Zero 9 (ISBN: 9789571092058)
MISS:    [16/1/1] 推理要在晚餐後 1 (ISBN: 9789629559519)
MISS:    [16/1/2] 推理要在晚餐後 2 (ISBN: 9789629559878)
MISS:    [18/1/1] 同級生 1 (ISBN: 4717702225391)
MISS:    [18/2/1] 卒業生 （春） 1 (ISBN: 4717702237929)
MISS:    [18/3/1] 卒業生 （冬） 1 (ISBN: 4717702237912)
MISS:    [19/1/1] 終結的熾天使 1 (ISBN: 4718016010239)
MISS:    [19/1/2] 終結的熾天使 2 (ISBN: 4718016011243)
MISS:    [19/1/3] 終結的熾天使 3 (ISBN: 4718016012356)
MISS:    [18/4/1] 空與原 1 (ISBN: 4717702251239)
MISS:    [21/1/3] 只想告訴你 3 (ISBN: 9789861000930)
MISS:    [21/1/9] 只想告訴你 9 (ISBN: 9789861044507)
MISS:    [22/1/1] 初音未來的消失  小說版 1 (ISBN: 9789863323730)
MISS:    [28/1/1] 魔女之旅 1 (ISBN: 9789863564294)
MISS:    [28/1/4] 魔女之旅 4 (ISBN: 9789863566427)
MISS:    [30/1/1] 無頭騎士異聞錄 1 (ISBN: 9789862870617)
Progress: 250/4422 | Matched: 11 | Missed: 28
MISS:    [30/1/2] 無頭騎士異聞錄 2 (ISBN: 9789862871713)
MISS:    [33/1/1] 舌吻 1 (ISBN: 9789863256113)
MISS:    [35/1/1] 貓與魔法的解咒之吻 1 (ISBN: 9789865110819)
MISS:    [37/1/1] 咒術迴戰 1 (ISBN: 9789888510467)
MISS:    [37/1/3] 咒術迴戰 3 (ISBN: 9789888511242)
MISS:    [37/1/6] 咒術迴戰 6 (ISBN: 9789888511778)
MISS:    [37/1/9] 咒術迴戰 9 (ISBN: 8789988511952)
MISS:    [34/1/1] 雲之彼端·約定的地方 1 (ISBN: 9789571034409)
MISS:    [40/1/3] 轉生成女性向遊戲只有毀滅END的壞人大小姐 3 (ISBN: 9789865122287)
MISS:    [41/1/2] 空色感染爆發 2 (ISBN: 9789571047102)
MISS:    [41/1/3] 空色感染爆發 3 (ISBN: 9789571048215)
MISS:    [43/1/1] 夏日大作戰 1 (ISBN: 9789862377222)
MISS:    [46/1/1] 驚爆危機 1 (ISBN: 9789867664372)
MISS:    [47/1/1] 女生愛女生 1 (ISBN: 9789867299772)
MISS:    [47/1/2] 女生愛女生 2 (ISBN: 9789861740904)
MISS:    [47/1/3] 女生愛女生 3 (ISBN: 9789861741680)
MISS:    [48/1/1] 萌系魔法師 1 (ISBN: 4712805822690)
MISS:    [49/1/11] 涼宮春日系列 11 (ISBN: 9789862871607)
MISS:    [50/1/1] K-ON！輕音部！High School 1 (ISBN: 9789571093642)
MISS:    [50/2/1] K-ON！輕音部！Shuffle 1 (ISBN: 9789571092973)
MISS:    [48/2/1] 機動戰士鋼彈桑 1 (ISBN: 9789861745701)
MISS:    [48/2/2] 機動戰士鋼彈桑 2 (ISBN: 9789861747507)
MISS:    [48/2/3] 機動戰士鋼彈桑 3 (ISBN: 9789861749136)
MISS:    [48/2/4] 機動戰士鋼彈桑 4 (ISBN: 9789862372531)
MISS:    [48/2/5] 機動戰士鋼彈桑 5 (ISBN: 9789862376263)
MISS:    [48/2/6] 機動戰士鋼彈桑 6 (ISBN: 9789862870624)
MISS:    [48/2/7] 機動戰士鋼彈桑 7 (ISBN: 9789862875087)
MISS:    [48/2/8] 機動戰士鋼彈桑 8 (ISBN: 9789862878866)
MISS:    [48/4/1] 果然沒錯☆俗語新解鋼彈桑 1 (ISBN: 9789862875780)
MISS:    [53/1/1] 魔法少女小圓 1 (ISBN: 9789861083186)
MISS:    [55/1/6] 果然我的青春戀愛喜劇搞錯了 6 (ISBN: 9789571053790)
MISS:    [55/1/8] 果然我的青春戀愛喜劇搞錯了 8 (ISBN: 9789571056616)
MISS:    [55/1/9] 果然我的青春戀愛喜劇搞錯了 9 (ISBN: 9789571057811)
Progress: 400/4422 | Matched: 25 | Missed: 61
Progress: 450/4422 | Matched: 29 | Missed: 61
MISS:    [60/1/1] 潘朵拉之心 1 (ISBN: 9789628977079)
MISS:    [60/1/2] 潘朵拉之心 2 (ISBN: 9789628977529)
MISS:    [60/1/3] 潘朵拉之心 3 (ISBN: 9789628977987)
MISS:    [60/1/4] 潘朵拉之心 4 (ISBN: 9789888001477)
MISS:    [60/1/5] 潘朵拉之心 5 (ISBN: 9789888012169)
MISS:    [60/1/6] 潘朵拉之心 6 (ISBN: 9789888034680)
MISS:    [60/1/7] 潘朵拉之心 7 (ISBN: 9789888035564)
MISS:    [60/1/9] 潘朵拉之心 9 (ISBN: 9789888047819)
MISS:    [60/1/10] 潘朵拉之心 10 (ISBN: 9789888048427)
MISS:    [60/1/11] 潘朵拉之心 11 (ISBN: 9789888088140)
MISS:    [60/1/12] 潘朵拉之心 12 (ISBN: 9789888088812)
MISS:    [60/1/14] 潘朵拉之心 14 (ISBN: 9789888127108)
MISS:    [60/1/15] 潘朵拉之心 15 (ISBN: 9789888127825)
MISS:    [60/1/16] 潘朵拉之心 16 (ISBN: 9789888128563)
MISS:    [60/1/17] 潘朵拉之心 17 (ISBN: 9789888168156)
MISS:    [60/1/18] 潘朵拉之心 18 (ISBN: 9789888168859)
MISS:    [60/1/19] 潘朵拉之心 19 (ISBN: 9789888169412)
MISS:    [60/1/20] 潘朵拉之心 20 (ISBN: 9789888252008)
MISS:    [60/1/21] 潘朵拉之心 21 (ISBN: 9789888302161)
MISS:    [61/1/1] 絶園暴風雨 1 (ISBN: 9789888127375)
MISS:    [61/1/2] 絶園暴風雨 2 (ISBN: 9789888127702)
MISS:    [63/1/1] 黑執事 1 (ISBN: 9789888001163)
MISS:    [63/1/2] 黑執事 2 (ISBN: 9789888001170)
MISS:    [63/1/3] 黑執事 3 (ISBN: 9789888001309)
MISS:    [63/1/4] 黑執事 4 (ISBN: 9789888002580)
MISS:    [63/1/6] 黑執事 6 (ISBN: 9789888013616)
MISS:    [63/1/7] 黑執事 7 (ISBN: 9789888034833)
MISS:    [63/1/8] 黑執事 8 (ISBN: 9789888047376)
MISS:    [63/1/9] 黑執事 9 (ISBN: 9789888048984)
MISS:    [63/1/10] 黑執事 10 (ISBN: 9789888088874)
MISS:    [63/1/11] 黑執事 11 (ISBN: 9789888089802)
MISS:    [63/1/12] 黑執事 12 (ISBN: 9789888127788)
MISS:    [63/1/13] 黑執事 13 (ISBN: 9789888128549)
MISS:    [63/1/14] 黑執事 14 (ISBN: 9789888168231)
MISS:    [63/1/15] 黑執事 15 (ISBN: 9789888169085)
MISS:    [63/1/16] 黑執事 16 (ISBN: 9789888169818)
MISS:    [63/1/17] 黑執事 17 (ISBN: 9789888251544)
MISS:    [63/1/18] 黑執事 18 (ISBN: 9789888252381)
Progress: 500/4422 | Matched: 29 | Missed: 99
MISS:    [63/1/19] 黑執事 19 (ISBN: 9789888302345)
MISS:    [63/1/20] 黑執事 20 (ISBN: 9789888326075)
MISS:    [63/1/21] 黑執事 21 (ISBN: 9789888326563)
MISS:    [63/1/22] 黑執事 22 (ISBN: 9789888379101)
MISS:    [63/1/23] 黑執事 23 (ISBN: 9789888379552)
MISS:    [63/1/24] 黑執事 24 (ISBN: 9789888436019)
MISS:    [63/1/25] 黑執事 25 (ISBN: 9789888436415)
MISS:    [63/1/26] 黑執事 26 (ISBN: 9789888507023)
MISS:    [63/1/27] 黑執事 27 (ISBN: 9789888507580)
MISS:    [63/1/28] 黑執事 28 (ISBN: 9789888584321)
MISS:    [63/1/29] 黑執事 29 (ISBN: 9789888671106)
MISS:    [63/1/30] 黑執事 30 (ISBN: 9789888671854)
MISS:    [63/1/31] 黑執事 31 (ISBN: 9789888783045)
MISS:    [62/1/4] 交響情人夢 4 (ISBN: 9789629554293)
MISS:    [62/1/8] 交響情人夢 8 (ISBN: 9789629554330)
MISS:    [62/1/12] 交響情人夢 12 (ISBN: 9789861171104)
MISS:    [62/1/14] 交響情人夢 14 (ISBN: 9789861181851)
MISS:    [64/1/1] 初綻之戀 1 (ISBN: 9789862876657)
MISS:    [67/1/1] 仰望半月的夜空 1 (ISBN: 9789861741017)
MISS:    [67/1/4] 仰望半月的夜空 4 (ISBN: 9789861743011)
MISS:    [67/1/5] 仰望半月的夜空 5 (ISBN: 9789861744483)
Progress: 550/4422 | Matched: 33 | Missed: 120
MISS:    [67/1/6] 仰望半月的夜空 6 (ISBN: 9789861745183)
MISS:    [67/1/7] 仰望半月的夜空 7 (ISBN: 9789861745794)
MISS:    [67/1/8] 仰望半月的夜空 8 (ISBN: 9789861746432)
MISS:    [66/1/2] 獻給某飛行員的戀歌 2 (ISBN: 9789571044118)
MISS:    [68/1/3] 臨界殺機 3 (ISBN: 9789861042954)
MISS:    [68/1/4] 臨界殺機 4 (ISBN: 9789861057040)
MISS:    [68/1/5] 臨界殺機 5 (ISBN: 9789861069982)
MISS:    [68/1/6] 臨界殺機 6 (ISBN: 9789861078878)
MISS:    [70/1/1] 11eyes -罪與罰與贖的少女- 1 (ISBN: 9789862873106)
MISS:    [70/1/2] 11eyes -罪與罰與贖的少女- 2 (ISBN: 9789862873540)
MISS:    [70/1/3] 11eyes -罪與罰與贖的少女- 3 (ISBN: 9789862874004)
MISS:    [71/1/1] 月見月理解的偵探殺人 1 (ISBN: 9789862568996)
MISS:    [71/1/2] 月見月理解的偵探殺人 2 (ISBN: 9789863100003)
MISS:    [72/1/1] 見習元氣女神 1 (ISBN: 9789882159693)
MISS:    [72/1/2] 見習元氣女神 2 (ISBN: 9789882159914)
MISS:    [72/1/3] 見習元氣女神 3 (ISBN: 9789888029112)
MISS:    [72/1/4] 見習元氣女神 4 (ISBN: 9789888029976)
MISS:    [72/1/5] 見習元氣女神 5 (ISBN: 9789888031580)
MISS:    [72/1/6] 見習元氣女神 6 (ISBN: 9789888096022)
MISS:    [72/1/7] 見習元氣女神 7 (ISBN: 9789888097197)
MISS:    [72/1/8] 見習元氣女神 8 (ISBN: 9789888098323)
MISS:    [72/1/9] 見習元氣女神 9 (ISBN: 9789888098002)
MISS:    [72/1/10] 見習元氣女神 10 (ISBN: 9789888099283)
MISS:    [72/1/11] 見習元氣女神 11 (ISBN: 9789888099986)
MISS:    [72/1/12] 見習元氣女神 12 (ISBN: 9789888100248)
MISS:    [72/1/13] 見習元氣女神 13 (ISBN: 9789888100514)
MISS:    [73/1/0] 妖狐×僕SS 0 (ISBN: 9789863244240)
MISS:    [73/1/5] 妖狐×僕SS 5 (ISBN: 9789861087269)
MISS:    [73/1/6] 妖狐×僕SS 6 (ISBN: 9789861092317)
MISS:    [73/1/7] 妖狐×僕SS 7 (ISBN: 9789863173519)
MISS:    [73/1/8] 妖狐×僕SS 8 (ISBN: 9789863243809)
MISS:    [73/1/9] 妖狐×僕SS 9 (ISBN: 9789863325802)
MISS:    [73/1/10] 妖狐×僕SS 10 (ISBN: 9789863376453)
MISS:    [74/1/5] 刀劍神域 5 (ISBN: 9789862870211)
MISS:    [78/1/1] 認真和我談戀愛！ 1 (ISBN: 9789862876404)
MISS:    [78/1/2] 認真和我談戀愛！ 2 (ISBN: 9789862877883)
MISS:    [75/1/1] 電擊的皮卡丘 1 (ISBN: 9629475081)
MISS:    [79/1/1] 異能者 1 (ISBN: 9628895362)
MISS:    [79/1/2] 異能者 2 (ISBN: 9628895540)
MISS:    [79/1/3] 異能者 3 (ISBN: 9628895001)
MISS:    [79/1/4] 異能者 4 (ISBN: 9628896504)
MISS:    [79/1/5] 異能者 5 (ISBN: 9628896725)
MISS:    [79/1/6] 異能者 6 (ISBN: 9628925164)
MISS:    [79/1/7] 異能者 7 (ISBN: 9789628964154)
MISS:    [79/1/8] 異能者 8 (ISBN: 9789628964925)
MISS:    [79/1/9] 異能者 9 (ISBN: 9789888007066)
MISS:    [82/1/1] 棋靈少女 1 (ISBN: 9861172254)
Progress: 650/4422 | Matched: 38 | Missed: 167
MISS:    [82/1/2] 棋靈少女 2 (ISBN: 9861172262)
MISS:    [82/1/3] 棋靈少女 3 (ISBN: 9861181938)
MISS:    [82/1/4] 棋靈少女 4 (ISBN: 9861188517)
MISS:    [82/1/5] 棋靈少女 5 (ISBN: 9789861198088)
MISS:    [66/1/3] 獻給某飛行員的戀歌 3 (ISBN: 9789571044750)
MISS:    [66/1/4] 獻給某飛行員的戀歌 4 (ISBN: 9789571045702)
MISS:    [85/1/1] 情色漫畫老師 eromanga sensei 1 (ISBN: 9789863660774)
MISS:    [85/1/5] 情色漫畫老師 eromanga sensei 5 (ISBN: 9789864732517)
MISS:    [85/1/6] 情色漫畫老師 eromanga sensei 6 (ISBN: 9789864734962)
MISS:    [77/1/1] 愛的省錢大作戰 1 (ISBN: 9789861741390)
MISS:    [77/1/2] 愛的省錢大作戰 2 (ISBN: 9789861742175)
MISS:    [77/1/3] 愛的省錢大作戰 3 (ISBN: 9789861744346)
MISS:    [87/1/7] 涼宮春日的憂鬱 7 (ISBN: 9789862371411)
MISS:    [87/1/9] 涼宮春日的憂鬱 9 (ISBN: 9789862375266)
MISS:    [87/1/13] 涼宮春日的憂鬱 13 (ISBN: 978986283083)
MISS:    [89/1/8] 櫻花莊的寵物女孩 8 (ISBN: 9789863254157)
MISS:    [90/1/1] 東大特訓班 1 (ISBN: 9789574737574)
MISS:    [90/1/4] 東大特訓班 4 (ISBN: 9789574737925)
MISS:    [90/1/5] 東大特訓班 5 (ISBN: 9789574737932)
MISS:    [90/1/7] 東大特訓班 7 (ISBN: 9789574738908)
MISS:    [90/1/8] 東大特訓班 8 (ISBN: 9789574739325)
MISS:    [90/1/9] 東大特訓班 9 (ISBN: 9789574739721)
MISS:    [90/1/13] 東大特訓班 13 (ISBN: 9789861761527)
MISS:    [90/1/14] 東大特訓班 14 (ISBN: 9789861761978)
MISS:    [91/1/1] 明天，我要和昨天的妳約會 1 (ISBN: 9789869412780)
Progress: 750/4422 | Matched: 48 | Missed: 192
MISS:    [93/1/2] 學戰都市 Asterisk 2 (ISBN: 4717702257545)
MISS:    [95/1/3] OVERLORD 3 (ISBN: 9789863661245)
MISS:    [96/1/1] 不起眼女主角培育法 1 (ISBN: 9789863254836)
MISS:    [101/1/5] 豔漢 5 (ISBN: 9789863170075)
MISS:    [102/1/1] 天氣之子 1 (ISBN: 9789571088754)
MISS:    [103/1/1] 記錄的地平線 1 (ISBN: 9789862877104)
MISS:    [103/1/2] 記錄的地平線 2 (ISBN: 9789862879245)
MISS:    [103/1/3] 記錄的地平線 3 (ISBN: 9789863251385)
MISS:    [103/1/4] 記錄的地平線 4 (ISBN: 9789863253082)
MISS:    [103/1/5] 記錄的地平線 5 (ISBN: 9789863254942)
MISS:    [103/1/6] 記錄的地平線 6 (ISBN: 9789863256960)
MISS:    [103/1/7] 記錄的地平線 7 (ISBN: 9789863660361)
MISS:    [103/1/9] 記錄的地平線 9 (ISBN: 9789863667551)
MISS:    [105/1/1] 偶像大師 百萬人演唱會! Blooming Clover 1 (ISBN: 9789571086507)
MISS:    [105/1/2] 偶像大師 百萬人演唱會! Blooming Clover 2 (ISBN: 9789571087412)
MISS:    [113/1/2] Fate/Grand Order -Epic of Remnant- 2 (ISBN: 9789865242619)
MISS:    [113/1/4] Fate/Grand Order -Epic of Remnant- 4 (ISBN: 9786263211292)
MISS:    [89/2/7] 青春豬頭少年系列 7 (ISBN: 9789864736089)
MISS:    [89/2/10] 青春豬頭少年系列 10 (ISBN: 9789865240318)
MISS:    [104/1/3] 以一年一萬元的價格，賣掉我剩餘的壽命。 3 (ISBN: 9789572634004)
MISS:    [106/1/1] 在地下城尋求邂逅是否搞錯了什麼 1 (ISBN: 9789863108337)
MISS:    [106/1/4] 在地下城尋求邂逅是否搞錯了什麼 4 (ISBN: 9789863561804)
MISS:    [106/1/9] 在地下城尋求邂逅是否搞錯了什麼 9 (ISBN: 9789863563914)
MISS:    [106/1/12] 在地下城尋求邂逅是否搞錯了什麼 12 (ISBN: 9789863565192)
MISS:    [107/2/2] 歡迎來到實力至上主義的教室 2年級編 2 (ISBN: 9789865246167)
MISS:    [108/1/8] Dr. STONE 8 (ISBN: 9789888584062)
MISS:    [108/1/9] Dr. STONE 9 (ISBN: 9789888584277)
MISS:    [108/1/11] Dr. STONE 11 (ISBN: 9789888584628)
MISS:    [108/1/12] Dr. STONE 12 (ISBN: 9789888584802)
MISS:    [108/1/19] Dr. STONE 19 (ISBN: 9789888742561)
MISS:    [108/2/1] Dr. STONE reboot:百夜 1 (ISBN: 9789572654590)
Progress: 900/4422 | Matched: 74 | Missed: 223
MISS:    [109/1/9] 鬼滅之刃 9 (ISBN: 9789572606858)
MISS:    [296/1/1] 鬼滅之刃 1 (ISBN: 9789572662441)
MISS:    [294/1/1] 鬼滅之刃 風之道標 1 (ISBN: 9789572657911)
MISS:    [110/1/1] 調教咖啡廳 1 (ISBN: 9789571063034)
MISS:    [110/1/2] 調教咖啡廳 2 (ISBN: 9789571067919)
MISS:    [110/1/3] 調教咖啡廳 3 (ISBN: 9789571077109)
MISS:    [110/1/4] 調教咖啡廳 4 (ISBN: 9789571079721)
MISS:    [110/1/5] 調教咖啡廳 5 (ISBN: 9789571089065)
MISS:    [110/1/6] 調教咖啡廳 6 (ISBN: 9789571093024)
MISS:    [112/1/1] 吹響吧！上低音號 1 (ISBN: 9789863445081)
MISS:    [112/1/2] 吹響吧！上低音號 2 (ISBN: 9789863445807)
Progress: 950/4422 | Matched: 78 | Missed: 234
MISS:    [112/1/3] 吹響吧！上低音號 3 (ISBN: 9789863446149)
MISS:    [84/2/2] 我的英雄學院 2 (ISBN: 9789888436774)
MISS:    [84/2/10] 我的英雄學院 10 (ISBN: 9789888507382)
MISS:    [84/2/11] 我的英雄學院 11 (ISBN: 9789888507658)
MISS:    [84/2/18] 我的英雄學院 18 (ISBN: 9789888584055)
MISS:    [84/2/22] 我的英雄學院 22 (ISBN: 9789888584512)
MISS:    [84/2/26] 我的英雄學院 26 (ISBN: 9789888671588)
MISS:    [115/1/2] 食戟之靈 2 (ISBN: 9789888213801)
MISS:    [115/1/6] 食戟之靈 6 (ISBN: 9789888214570)
Progress: 1000/4422 | Matched: 90 | Missed: 243
MISS:    [115/1/12] 食戟之靈 12 (ISBN: 9789888215638)
MISS:    [115/1/13] 食戟之靈 13 (ISBN: 9789888215744)
MISS:    [115/1/14] 食戟之靈 14 (ISBN: 9789888215898)
MISS:    [115/1/19] 食戟之靈 19 (ISBN: 9789888216864)
MISS:    [115/1/22] 食戟之靈 22 (ISBN: 9789888216949)
MISS:    [116/1/9] 平凡職業造就世界最強 9 (ISBN: 4710945559506)
MISS:    [116/2/1] 平凡職業造就世界最強 短篇集 1 (ISBN: 4710601040782)
MISS:    [116/3/3] 平凡職業造就世界最強 零 3 (ISBN: 4710945561165)
MISS:    [116/3/4] 平凡職業造就世界最強 零 4 (ISBN: 4710601041864)
MISS:    [117/1/3] 堀與宮村 3 (ISBN: 4718016014510)
MISS:    [117/1/8] 堀與宮村 8 (ISBN: 4718016018525)
MISS:    [117/1/10] 堀與宮村 10 (ISBN: 4718016022669)
MISS:    [117/1/14] 堀與宮村 14 (ISBN: 488867124720)
MISS:    [121/1/5] 魔王學院的不適任者～史上最強的魔王始祖，轉生就讀子孫們的學校～ 5 (ISBN: 9789865246204)
MISS:    [279/1/5] 回復術士的重啟人生 5 (ISBN: 9789865242596)
MISS:    [125/1/1] 請問您今天要來點兔子嗎？ 1 (ISBN: 4717702255053)
Progress: 1100/4422 | Matched: 104 | Missed: 259
MISS:    [125/1/2] 請問您今天要來點兔子嗎？ 2 (ISBN: 4717702256487)
MISS:    [125/1/3] 請問您今天要來點兔子嗎？ 3 (ISBN: 4717702262136)
MISS:    [125/1/4] 請問您今天要來點兔子嗎？ 4 (ISBN: 9789571063997)
MISS:    [125/1/5] 請問您今天要來點兔子嗎？ 5 (ISBN: 9789571071916)
MISS:    [125/1/6] 請問您今天要來點兔子嗎？ 6 (ISBN: 9789571079738)
MISS:    [125/1/7] 請問您今天要來點兔子嗎？ 7 (ISBN: 9789571084947)
MISS:    [125/1/8] 請問您今天要來點兔子嗎？ 8 (ISBN: 9789571065830)
MISS:    [125/1/9] 請問您今天要來點兔子嗎？ 9 (ISBN: 9786263088603)
MISS:    [125/1/10] 請問您今天要來點兔子嗎？ 10 (ISBN: 9786263380585)
MISS:    [127/1/7] 思慕魚的熱帶魚 7 (ISBN: 9789865244019)
MISS:    [129/1/1] 傳說的勇者的傳說 1 (ISBN: 9789862378144)
MISS:    [129/1/2] 傳說的勇者的傳說 2 (ISBN: 9789862378649)
MISS:    [129/1/3] 傳說的勇者的傳說 3 (ISBN: 9789862378656)
MISS:    [129/1/4] 傳說的勇者的傳說 4 (ISBN: 9789862379783)
MISS:    [129/1/5] 傳說的勇者的傳說 5 (ISBN: 9789862870662)
MISS:    [129/1/6] 傳說的勇者的傳說 6 (ISBN: 9789862872246)
MISS:    [129/1/7] 傳說的勇者的傳說 7 (ISBN: 9789862875384)
MISS:    [129/1/8] 傳說的勇者的傳說 8 (ISBN: 9789862879528)
MISS:    [132/1/12] Fate/kaleid liner 魔法少女☆伊莉雅 3rei!! 12 (ISBN: 9786263214361)
MISS:    [134/1/6] 弱角友崎同學 6 (ISBN: 9789571086248)
MISS:    [135/1/9] 轉生成蜘蛛又怎樣！ 9 (ISBN: 9789577435101)
MISS:    [136/1/26] 魔法科高中的劣等生 26 (ISBN: 9789577431448)
MISS:    [138/2/1] 灼眼的夏娜 0 Zero 1 (ISBN: 9789861743615)
Progress: 1250/4422 | Matched: 125 | Missed: 282
MISS:    [138/4/1] 灼眼的夏娜 炎之設定集 1 (ISBN: 9789861745923)
MISS:    [139/1/1] 子不語 1 (ISBN: 9789888088195)
MISS:    [139/1/2] 子不語 2 (ISBN: 9789888088201)
MISS:    [103/2/2] 魔王勇者 2 (ISBN: 9789862878545)
MISS:    [141/1/1] 湯尼嶽崎的鋼彈漫畫 1 (ISBN: 9789861745725)
MISS:    [141/1/2] 湯尼嶽崎的鋼彈漫畫 2 (ISBN: 9789861746630)
MISS:    [141/1/3] 湯尼嶽崎的鋼彈漫畫 3 (ISBN: 9789862378489)
MISS:    [140/1/26] 炎炎消防隊 26 (ISBN: 9789572661215)
MISS:    [140/1/28] 炎炎消防隊 28 (ISBN: 9789572669501)
MISS:    [142/1/1] 寵物小精靈特別篇 1 (ISBN: 9799628712297)
MISS:    [142/1/2] 寵物小精靈特別篇 2 (ISBN: 9789628712632)
MISS:    [142/1/3] 寵物小精靈特別篇 3 (ISBN: 9799628760021)
MISS:    [142/1/4] 寵物小精靈特別篇 4 (ISBN: 9799628760038)
MISS:    [142/1/5] 寵物小精靈特別篇 5 (ISBN: 9789628760046)
MISS:    [142/1/6] 寵物小精靈特別篇 6 (ISBN: 9789628760053)
MISS:    [142/1/7] 寵物小精靈特別篇 7 (ISBN: 9799628786670)
MISS:    [142/1/8] 寵物小精靈特別篇 8 (ISBN: 9799628822156)
MISS:    [142/1/9] 寵物小精靈特別篇 9 (ISBN: 9789628822393)
MISS:    [142/1/10] 寵物小精靈特別篇 10 (ISBN: 9789628822690)
Progress: 1300/4422 | Matched: 130 | Missed: 301
MISS:    [142/1/11] 寵物小精靈特別篇 11 (ISBN: 9789628822935)
MISS:    [142/1/12] 寵物小精靈特別篇 12 (ISBN: 9789628906130)
MISS:    [142/1/13] 寵物小精靈特別篇 13 (ISBN: 9799628906290)
MISS:    [142/1/14] 寵物小精靈特別篇 14 (ISBN: 9799628906405)
MISS:    [142/1/15] 寵物小精靈特別篇 15 (ISBN: 9799628906566)
MISS:    [142/1/16] 寵物小精靈特別篇 16 (ISBN: 9789628906697)
MISS:    [142/1/17] 寵物小精靈特別篇 17 (ISBN: 9789628906932)
MISS:    [142/1/18] 寵物小精靈特別篇 18 (ISBN: 9789628981038)
MISS:    [142/1/19] 寵物小精靈特別篇 19 (ISBN: 9789628981113)
MISS:    [142/1/20] 寵物小精靈特別篇 20 (ISBN: 9789628981212)
MISS:    [142/1/22] 寵物小精靈特別篇 22 (ISBN: 9789628981403)
MISS:    [142/1/23] 寵物小精靈特別篇 23 (ISBN: 9789628981465)
MISS:    [142/1/29] 寵物小精靈特別篇 29 (ISBN: 9789628981984)
MISS:    [142/1/30] 寵物小精靈特別篇 30 (ISBN: 9789888044054)
MISS:    [142/1/31] 寵物小精靈特別篇 31 (ISBN: 9789888044153)
MISS:    [142/1/33] 寵物小精靈特別篇 33 (ISBN: 9789888044375)
MISS:    [142/1/34] 寵物小精靈特別篇 34 (ISBN: 9789888044436)
MISS:    [142/1/35] 寵物小精靈特別篇 35 (ISBN: 9789888044511)
MISS:    [142/1/38] 寵物小精靈特別篇 38 (ISBN: 9789888044665)
MISS:    [143/1/1] 校園烏托邦 學美向前衝！ 1 (ISBN: 9789861745503)
MISS:    [143/1/2] 校園烏托邦 學美向前衝！ 2 (ISBN: 9789861746616)
MISS:    [145/1/3] CLOTH ROAD 服裝戰鬥師 3 (ISBN: 9789888012091)
MISS:    [145/1/5] CLOTH ROAD 服裝戰鬥師 5 (ISBN: 9789888034390)
MISS:    [145/1/6] CLOTH ROAD 服裝戰鬥師 6 (ISBN: 9789888088034)
MISS:    [144/1/1] 與你耽溺愛河 1 (ISBN: 9789861747132)
MISS:    [144/1/2] 與你耽溺愛河 2 (ISBN: 9789862374368)
MISS:    [144/1/3] 與你耽溺愛河 3 (ISBN: 9789862379868)
MISS:    [146/1/1] 妖怪連絡簿（夏目友人帳） 1 (ISBN: 9789629553463)
MISS:    [146/1/2] 妖怪連絡簿（夏目友人帳） 2 (ISBN: 9789629553951)
MISS:    [146/1/3] 妖怪連絡簿（夏目友人帳） 3 (ISBN: 9789629554545)
MISS:    [146/1/4] 妖怪連絡簿（夏目友人帳） 4 (ISBN: 9789629555269)
MISS:    [146/1/5] 妖怪連絡簿（夏目友人帳） 5 (ISBN: 9789629555726)
MISS:    [146/1/6] 妖怪連絡簿（夏目友人帳） 6 (ISBN: 9789629555931)
MISS:    [146/1/7] 妖怪連絡簿（夏目友人帳） 7 (ISBN: 9789629556488)
MISS:    [146/1/8] 妖怪連絡簿（夏目友人帳） 8 (ISBN: 9789629557140)
MISS:    [146/1/9] 妖怪連絡簿（夏目友人帳） 9 (ISBN: 9789629557683)
MISS:    [146/1/10] 妖怪連絡簿（夏目友人帳） 10 (ISBN: 9789629558123)
MISS:    [146/1/11] 妖怪連絡簿（夏目友人帳） 11 (ISBN: 9789629559052)
MISS:    [146/1/12] 妖怪連絡簿（夏目友人帳） 12 (ISBN: 9789629559304)
MISS:    [146/1/13] 妖怪連絡簿（夏目友人帳） 13 (ISBN: 9789629559830)
MISS:    [48/3/1] 小泉麻雀傳説 1 (ISBN: 9789862379974)
MISS:    [48/3/2] 小泉麻雀傳説 2 (ISBN: 9789862870464)
MISS:    [48/3/3] 小泉麻雀傳説 3 (ISBN: 9789862872161)
MISS:    [48/3/4] 小泉麻雀傳説 4 (ISBN: 9789862873069)
MISS:    [48/3/5] 小泉麻雀傳説 5 (ISBN: 9789862874905)
MISS:    [48/3/6] 小泉麻雀傳説 6 (ISBN: 9789862875858)
MISS:    [48/3/7] 小泉麻雀傳説 7 (ISBN: 9789863250548)
MISS:    [48/3/8] 小泉麻雀傳説 8 (ISBN: 9789863253167)
MISS:    [48/3/9] 小泉麻雀傳説 9 (ISBN: 9789863257653)
MISS:    [148/1/1] 爆粗BAND友 1 (ISBN: 9789628951437)
MISS:    [148/1/2] 爆粗BAND友 2 (ISBN: 9789628951567)
MISS:    [148/1/3] 爆粗BAND友 3 (ISBN: 9789628976461)
MISS:    [148/1/4] 爆粗BAND友 4 (ISBN: 9789628977000)
MISS:    [148/1/5] 爆粗BAND友 5 (ISBN: 9789888002535)
MISS:    [148/1/6] 爆粗BAND友 6 (ISBN: 9789888012145)
MISS:    [148/1/7] 爆粗BAND友 7 (ISBN: 9789888034154)
MISS:    [148/1/8] 爆粗BAND友 8 (ISBN: 9789888047239)
DL_FAIL: [150/1/2] 銀魂 2
MISS:    [150/1/13] 銀魂 13 (ISBN: 9789882103924)
MISS:    [150/1/20] 銀魂 20 (ISBN: 9789882105775)
MISS:    [150/1/25] 銀魂 25 (ISBN: 9789882106925)
MISS:    [150/1/33] 銀魂 33 (ISBN: 9789882109537)
MISS:    [150/1/36] 銀魂 36 (ISBN: 9789888068692)
MISS:    [154/1/1] 假面男僕 1 (ISBN: 4712805822430)
MISS:    [154/1/2] 假面男僕 2 (ISBN: 4712805822447)
MISS:    [154/1/3] 假面男僕 3 (ISBN: 4712805823147)
MISS:    [154/1/4] 假面男僕 4 (ISBN: 4712805824229)
MISS:    [149/1/1] 金田一少年之事件薄 1 (ISBN: 9789577781536)
MISS:    [149/1/2] 金田一少年之事件薄 2 (ISBN: 9789577781987)
MISS:    [149/1/3] 金田一少年之事件薄 3 (ISBN: 9789577782908)
MISS:    [149/1/4] 金田一少年之事件薄 4 (ISBN: 9789577784728)
MISS:    [149/1/5] 金田一少年之事件薄 5 (ISBN: 9789577785497)
MISS:    [149/1/6] 金田一少年之事件薄 6 (ISBN: 9789861089973)
MISS:    [149/1/7] 金田一少年之事件薄 7 (ISBN: 9789577787842)
MISS:    [149/1/7.5] 金田一少年之事件薄 7.5 (ISBN: 9789577787859)
MISS:    [149/1/9] 金田一少年之事件薄 9 (ISBN: 9789861080581)
MISS:    [185/3/1] 今田一少年之事件簿 20週年紀念系列 1 (ISBN: 9789629559892)
MISS:    [185/3/2] 今田一少年之事件簿 20週年紀念系列 2 (ISBN: 9789882280175)
MISS:    [185/3/3] 今田一少年之事件簿 20週年紀念系列 3 (ISBN: 9789882280267)
MISS:    [185/3/4] 今田一少年之事件簿 20週年紀念系列 4 (ISBN: 9789882280502)
MISS:    [185/3/5] 今田一少年之事件簿 20週年紀念系列 5 (ISBN: 9789882280731)
MISS:    [185/1/7] 金田一少年之事件薄R 7 (ISBN: 9789864622085)
Progress: 1450/4422 | Matched: 144 | Missed: 383
MISS:    [185/1/11] 金田一少年之事件薄R 11 (ISBN: 9789864823604)
MISS:    [185/1/12] 金田一少年之事件薄R 12 (ISBN: 9789864861354)
MISS:    [152/1/2] 異界幻想世紀 2 (ISBN: 9789862378557)
MISS:    [152/1/3] 異界幻想世紀 3 (ISBN: 9789862871768)
MISS:    [152/1/4] 異界幻想世紀 4 (ISBN: 9789862378854)
MISS:    [153/1/1] 空之境界 1 (ISBN: 9789867459473)
MISS:    [153/1/2] 空之境界 2 (ISBN: 9789867459510)
MISS:    [156/1/4] 我家有個狐仙大人 4 (ISBN: 9789861743028)
MISS:    [156/1/5] 我家有個狐仙大人 5 (ISBN: 9789861743950)
MISS:    [156/1/6] 我家有個狐仙大人 6 (ISBN: 9789861744728)
MISS:    [157/1/15] 狼與辛香料 15 (ISBN: 9789862871195)
MISS:    [159/1/1] 高速達陣21 1 (ISBN: 4891845028344)
MISS:    [159/1/2] 高速達陣21 2 (ISBN: 4891845028498)
MISS:    [159/1/3] 高速達陣21 3 (ISBN: 4891845028689)
MISS:    [159/1/4] 高速達陣21 4 (ISBN: 4891845028849)
MISS:    [159/1/5] 高速達陣21 5 (ISBN: 4891845029143)
MISS:    [159/1/6] 高速達陣21 6 (ISBN: 4891845029563)
MISS:    [159/1/7] 高速達陣21 7 (ISBN: 4891845030187)
MISS:    [159/1/8] 高速達陣21 8 (ISBN: 4891845030477)
MISS:    [159/1/9] 高速達陣21 9 (ISBN: 4891845031061)
MISS:    [159/1/10] 高速達陣21 10 (ISBN: 4891845031719)
MISS:    [159/1/11] 高速達陣21 11 (ISBN: 4891845032150)
MISS:    [159/1/12] 高速達陣21 12 (ISBN: 4891845032600)
MISS:    [159/1/13] 高速達陣21 13 (ISBN: 4891845033188)
MISS:    [159/1/14] 高速達陣21 14 (ISBN: 4891845033539)
MISS:    [159/1/15] 高速達陣21 15 (ISBN: 4891845034048)
MISS:    [159/1/16] 高速達陣21 16 (ISBN: 4891845034475)
MISS:    [159/1/17] 高速達陣21 17 (ISBN: 4891845035038)
MISS:    [159/1/18] 高速達陣21 18 (ISBN: 4891845035625)
MISS:    [159/1/19] 高速達陣21 19 (ISBN: 4891845036530)
MISS:    [159/1/20] 高速達陣21 20 (ISBN: 4891845037094)
MISS:    [159/1/21] 高速達陣21 21 (ISBN: 4891845037452)
MISS:    [159/1/22] 高速達陣21 22 (ISBN: 4891845038183)
MISS:    [159/1/23] 高速達陣21 23 (ISBN: 4891845038640)
MISS:    [159/1/24] 高速達陣21 24 (ISBN: 4891845039159)
MISS:    [159/1/25] 高速達陣21 25 (ISBN: 4891845039913)
MISS:    [159/1/26] 高速達陣21 26 (ISBN: 4891845040384)
MISS:    [159/1/27] 高速達陣21 27 (ISBN: 4891845040841)
MISS:    [159/1/28] 高速達陣21 28 (ISBN: 4891845041558)
MISS:    [159/1/29] 高速達陣21 29 (ISBN: 4891845041978)
MISS:    [159/1/30] 高速達陣21 30 (ISBN: 4891845042463)
MISS:    [159/1/31] 高速達陣21 31 (ISBN: 4891845042999)
MISS:    [159/1/32] 高速達陣21 32 (ISBN: 4891845043897)
MISS:    [159/1/33] 高速達陣21 33 (ISBN: 4891845044184)
MISS:    [159/1/34] 高速達陣21 34 (ISBN: 4891845044566)
MISS:    [159/1/35] 高速達陣21 35 (ISBN: 4891845044887)
MISS:    [159/1/36] 高速達陣21 36 (ISBN: 4891845045525)
MISS:    [159/1/37] 高速達陣21 37 (ISBN: 4891845047215)
MISS:    [160/1/1] 黑色野貓 BLACK CAT 1 (ISBN: 9789629982003)
MISS:    [160/1/2] 黑色野貓 BLACK CAT 2 (ISBN: 9789629982010)
MISS:    [160/1/3] 黑色野貓 BLACK CAT 3 (ISBN: 9789629982683)
MISS:    [160/1/4] 黑色野貓 BLACK CAT 4 (ISBN: 4893345014469)
MISS:    [160/1/5] 黑色野貓 BLACK CAT 5 (ISBN: 9789629983567)
MISS:    [160/1/6] 黑色野貓 BLACK CAT 6 (ISBN: 9789629984250)
MISS:    [160/1/7] 黑色野貓 BLACK CAT 7 (ISBN: 9789629986001)
MISS:    [160/1/8] 黑色野貓 BLACK CAT 8 (ISBN: 9789629986988)
MISS:    [160/1/9] 黑色野貓 BLACK CAT 9 (ISBN: 9789629988470)
MISS:    [160/1/10] 黑色野貓 BLACK CAT 10 (ISBN: 9789629989163)
Progress: 1550/4422 | Matched: 148 | Missed: 441
MISS:    [160/1/11] 黑色野貓 BLACK CAT 11 (ISBN: 9789629989330)
MISS:    [160/1/12] 黑色野貓 BLACK CAT 12 (ISBN: 9789629985400)
MISS:    [160/1/13] 黑色野貓 BLACK CAT 13 (ISBN: 9789629988180)
MISS:    [160/1/14] 黑色野貓 BLACK CAT 14 (ISBN: 9789882070462)
MISS:    [160/1/15] 黑色野貓 BLACK CAT 15 (ISBN: 9789882070271)
MISS:    [160/1/16] 黑色野貓 BLACK CAT 16 (ISBN: 9789882072428)
MISS:    [160/1/17] 黑色野貓 BLACK CAT 17 (ISBN: 9789882072930)
MISS:    [160/1/18] 黑色野貓 BLACK CAT 18 (ISBN: 9789882073234)
MISS:    [160/1/19] 黑色野貓 BLACK CAT 19 (ISBN: 9789882073456)
MISS:    [160/1/20] 黑色野貓 BLACK CAT 20 (ISBN: 9789882074194)
MISS:    [162/1/1] 爆漫。 1 (ISBN: 4891845039227)
MISS:    [162/1/2] 爆漫。 2 (ISBN: 4891845044504)
MISS:    [162/1/3] 爆漫。 3 (ISBN: 4891845045044)
MISS:    [162/1/4] 爆漫。 4 (ISBN: 4891845045426)
MISS:    [162/1/6] 爆漫。 6 (ISBN: 4891845049707)
MISS:    [162/1/7] 爆漫。 7 (ISBN: 4891845050079)
MISS:    [162/1/8] 爆漫。 8 (ISBN: 4891845050512)
MISS:    [162/1/9] 爆漫。 9 (ISBN: 4891845051625)
MISS:    [162/1/10] 爆漫。 10 (ISBN: 4891845052240)
MISS:    [162/1/11] 爆漫。 11 (ISBN: 4891845053001)
MISS:    [162/1/12] 爆漫。 12 (ISBN: 4891845053506)
MISS:    [162/1/13] 爆漫。 13 (ISBN: 4891845054169)
MISS:    [162/1/14] 爆漫。 14 (ISBN: 4891845054473)
MISS:    [162/1/15] 爆漫。 15 (ISBN: 4891845054848)
MISS:    [162/1/16] 爆漫。 16 (ISBN: 4891845055340)
MISS:    [162/1/17] 爆漫。 17 (ISBN: 4891845055739)
MISS:    [162/1/18] 爆漫。 18 (ISBN: 4891845056224)
MISS:    [162/1/19] 爆漫。 19 (ISBN: 4891845056415)
MISS:    [162/1/20] 爆漫。 20 (ISBN: 4891845056507)
MISS:    [163/1/0] 純情房東俏房客 0 (ISBN: 9789573497011)
MISS:    [163/1/3] 純情房東俏房客 3 (ISBN: 9789573493723)
MISS:    [163/1/8] 純情房東俏房客 8 (ISBN: 9789577316134)
MISS:    [163/1/9] 純情房東俏房客 9 (ISBN: 9789577316141)
MISS:    [163/1/10] 純情房東俏房客 10 (ISBN: 9789577316158)
MISS:    [163/1/11] 純情房東俏房客 11 (ISBN: 9789576991998)
MISS:    [163/1/12] 純情房東俏房客 12 (ISBN: 9789576992001)
MISS:    [163/1/13] 純情房東俏房客 13 (ISBN: 9789576996542)
MISS:    [163/1/14] 純情房東俏房客 14 (ISBN: 9789576996559)
Progress: 1600/4422 | Matched: 150 | Missed: 479
MISS:    [164/1/9] 藍色時期 9 (ISBN: 9789572664056)
MISS:    [165/1/7] 網球王子 7 (ISBN: 9789626815793)
MISS:    [165/1/9] 網球王子 9 (ISBN: 9789626815946)
MISS:    [165/1/16] 網球王子 16 (ISBN: 9789626817599)
MISS:    [165/1/23] 網球王子 23 (ISBN: 9789626818916)
MISS:    [165/1/31] 網球王子 31 (ISBN: 9789882101975)
MISS:    [165/1/32] 網球王子 32 (ISBN: 9789882102774)
MISS:    [167/1/5] 頭文字D 5 (ISBN: 9789629852894)
MISS:    [167/1/20] 頭文字D 20 (ISBN: 9789629970826)
MISS:    [167/1/31] 頭文字D 31 (ISBN: 9789628887095)
MISS:    [167/1/36] 頭文字D 36 (ISBN: 9789628977413)
MISS:    [69/2/1] CARDCAPTOR櫻 1 (ISBN: 4893345002114)
MISS:    [69/2/2] CARDCAPTOR櫻 2 (ISBN: 4893345002121)
Progress: 1700/4422 | Matched: 161 | Missed: 492
MISS:    [69/2/3] CARDCAPTOR櫻 3 (ISBN: 4893345002138)
MISS:    [69/2/4] CARDCAPTOR櫻 4 (ISBN: 4893345005283)
MISS:    [69/2/5] CARDCAPTOR櫻 5 (ISBN: 4893345006624)
MISS:    [69/2/6] CARDCAPTOR櫻 6 (ISBN: 4893345008192)
MISS:    [69/2/7] CARDCAPTOR櫻 7 (ISBN: 4893345009328)
MISS:    [69/2/8] CARDCAPTOR櫻 8 (ISBN: 4893345010324)
MISS:    [69/2/9] CARDCAPTOR櫻 9 (ISBN: 4893345012861)
MISS:    [69/2/10] CARDCAPTOR櫻 10 (ISBN: 4893345013219)
MISS:    [69/2/11] CARDCAPTOR櫻 11 (ISBN: 4893345013219)
MISS:    [69/2/12] CARDCAPTOR櫻 12 (ISBN: 4893345013219)
MISS:    [170/1/] 開心寵寵物  (ISBN: 9789889932312)
MISS:    [172/1/1] BLEACH 漂靈 （死神） 1 (ISBN: 4891845025572)
MISS:    [172/1/2] BLEACH 漂靈 （死神） 2 (ISBN: 4891845025916)
MISS:    [172/1/3] BLEACH 漂靈 （死神） 3 (ISBN: 4891845026500)
MISS:    [172/1/4] BLEACH 漂靈 （死神） 4 (ISBN: 4891845026760)
MISS:    [172/1/5] BLEACH 漂靈 （死神） 5 (ISBN: 4891845027019)
MISS:    [172/1/6] BLEACH 漂靈 （死神） 6 (ISBN: 4891845027279)
MISS:    [172/1/7] BLEACH 漂靈 （死神） 7 (ISBN: 4891845027576)
MISS:    [172/1/8] BLEACH 漂靈 （死神） 8 (ISBN: 4891845028405)
MISS:    [172/1/9] BLEACH 漂靈 （死神） 9 (ISBN: 4891845028795)
MISS:    [172/1/10] BLEACH 漂靈 （死神） 10 (ISBN: 4891845029457)
MISS:    [172/1/11] BLEACH 漂靈 （死神） 11 (ISBN: 4891845029792)
MISS:    [172/1/12] BLEACH 漂靈 （死神） 12 (ISBN: 4891845030194)
MISS:    [172/1/13] BLEACH 漂靈 （死神） 13 (ISBN: 4891845030842)
MISS:    [172/1/14] BLEACH 漂靈 （死神） 14 (ISBN: 4891845031504)
MISS:    [172/1/15] BLEACH 漂靈 （死神） 15 (ISBN: 4891845031955)
MISS:    [172/1/16] BLEACH 漂靈 （死神） 16 (ISBN: 4891845032839)
MISS:    [172/1/17] BLEACH 漂靈 （死神） 17 (ISBN: 4891845033249)
MISS:    [172/1/18] BLEACH 漂靈 （死神） 18 (ISBN: 4891845033928)
MISS:    [172/1/19] BLEACH 漂靈 （死神） 19 (ISBN: 4891845034390)
MISS:    [172/1/20] BLEACH 漂靈 （死神） 20 (ISBN: 4891845034888)
MISS:    [172/1/21] BLEACH 漂靈 （死神） 21 (ISBN: 4891845035717)
Progress: 1750/4422 | Matched: 165 | Missed: 524
MISS:    [172/1/22] BLEACH 漂靈 （死神） 22 (ISBN: 4891845036158)
MISS:    [172/1/23] BLEACH 漂靈 （死神） 23 (ISBN: 4891845036905)
MISS:    [172/1/24] BLEACH 漂靈 （死神） 24 (ISBN: 4891845037353)
MISS:    [172/1/25] BLEACH 漂靈 （死神） 25 (ISBN: 4891845037896)
MISS:    [172/1/26] BLEACH 漂靈 （死神） 26 (ISBN: 4891845038480)
MISS:    [172/1/27] BLEACH 漂靈 （死神） 27 (ISBN: 4891845039029)
MISS:    [172/1/28] BLEACH 漂靈 （死神） 28 (ISBN: 4891845039579)
MISS:    [172/1/29] BLEACH 漂靈 （死神） 29 (ISBN: 4891845040087)
MISS:    [172/1/30] BLEACH 漂靈 （死神） 30 (ISBN: 4891845037520)
MISS:    [172/1/31] BLEACH 漂靈 （死神） 31 (ISBN: 4891845041084)
MISS:    [172/1/32] BLEACH 漂靈 （死神） 32 (ISBN: 4891845041541)
MISS:    [172/1/33] BLEACH 漂靈 （死神） 33 (ISBN: 4891845041961)
MISS:    [172/1/34] BLEACH 漂靈 （死神） 34 (ISBN: 4891845042692)
MISS:    [172/1/35] BLEACH 漂靈 （死神） 35 (ISBN: 4891845043613)
MISS:    [172/1/36] BLEACH 漂靈 （死神） 36 (ISBN: 4891845039098)
MISS:    [172/1/37] BLEACH 漂靈 （死神） 37 (ISBN: 4891845044320)
MISS:    [172/1/38] BLEACH 漂靈 （死神） 38 (ISBN: 4891845044757)
MISS:    [172/1/39] BLEACH 漂靈 （死神） 39 (ISBN: 4891845045105)
MISS:    [172/1/40] BLEACH 漂靈 （死神） 40 (ISBN: 4891845045464)
MISS:    [172/1/41] BLEACH 漂靈 （死神） 41 (ISBN: 4891845047239)
MISS:    [172/1/42] BLEACH 漂靈 （死神） 42 (ISBN: 4891845049318)
MISS:    [172/1/43] BLEACH 漂靈 （死神） 43 (ISBN: 4891845049837)
MISS:    [172/1/44] BLEACH 漂靈 （死神） 44 (ISBN: 4891845050376)
MISS:    [172/1/45] BLEACH 漂靈 （死神） 45 (ISBN: 4891845051007)
MISS:    [172/1/46] BLEACH 漂靈 （死神） 46 (ISBN: 4891845051656)
MISS:    [172/1/47] BLEACH 漂靈 （死神） 47 (ISBN: 4891845052219)
MISS:    [172/1/48] BLEACH 漂靈 （死神） 48 (ISBN: 4891845052813)
MISS:    [172/1/49] BLEACH 漂靈 （死神） 49 (ISBN: 4891845053667)
MISS:    [172/1/50] BLEACH 漂靈 （死神） 50 (ISBN: 4891845054152)
MISS:    [172/1/51] BLEACH 漂靈 （死神） 51 (ISBN: 4891845054466)
MISS:    [172/1/52] BLEACH 漂靈 （死神） 52 (ISBN: 4891845054831)
MISS:    [172/1/53] BLEACH 漂靈 （死神） 53 (ISBN: 4891845055234)
MISS:    [172/1/54] BLEACH 漂靈 （死神） 54 (ISBN: 4891845055746)
MISS:    [172/1/55] BLEACH 漂靈 （死神） 55 (ISBN: 4891845056231)
MISS:    [172/1/56] BLEACH 漂靈 （死神） 56 (ISBN: 4891845056729)
MISS:    [172/1/57] BLEACH 漂靈 （死神） 57 (ISBN: 4891845057085)
MISS:    [172/1/58] BLEACH 漂靈 （死神） 58 (ISBN: 4891845057443)
MISS:    [173/1/3] 絕對戀愛命令 3 (ISBN: 9789888032495)
MISS:    [173/1/4] 絕對戀愛命令 4 (ISBN: 9789888033652)
MISS:    [173/1/5] 絕對戀愛命令 5 (ISBN: 9789888096473)
MISS:    [173/1/6] 絕對戀愛命令 6 (ISBN: 9789888097463)
MISS:    [173/1/7] 絕對戀愛命令 7 (ISBN: 9789888098378)
MISS:    [173/1/8] 絕對戀愛命令 8 (ISBN: 9789888099436)
MISS:    [173/1/9] 絕對戀愛命令 9 (ISBN: 9789888099825)
MISS:    [173/1/10] 絕對戀愛命令 10 (ISBN: 9789888100507)
MISS:    [173/1/13] 絕對戀愛命令 13 (ISBN: 9789888214327)
Progress: 1800/4422 | Matched: 167 | Missed: 570
MISS:    [174/1/7] 粉紅系男孩 7 (ISBN: 9789629556648)
MISS:    [175/1/28] 華麗咖喱食桌 28 (ISBN: 4891845042784)
MISS:    [175/1/29] 華麗咖喱食桌 29 (ISBN: 4891845043231)
MISS:    [175/1/32] 華麗咖喱食桌 32 (ISBN: 4891845044986)
MISS:    [175/1/34] 華麗咖喱食桌 34 (ISBN: 4891845049080)
MISS:    [176/1/1] 人間系列 1 (ISBN: 9789571039916)
MISS:    [176/1/2] 人間系列 2 (ISBN: 9789571040202)
MISS:    [176/1/3] 人間系列 3 (ISBN: 9789571041650)
MISS:    [176/2/2] 戲言系列 2 (ISBN: 9789571033686)
MISS:    [176/2/3] 戲言系列 3 (ISBN: 9789571034256)
MISS:    [176/2/4] 戲言系列 4 (ISBN: 9789571034676)
MISS:    [176/2/5] 戲言系列 5 (ISBN: 9789571035734)
MISS:    [176/2/6] 戲言系列 6 (ISBN: 9789571036885)
MISS:    [176/2/7] 戲言系列 7 (ISBN: 9789571037479)
MISS:    [176/2/9] 戲言系列 9 (ISBN: 9789571030272)
MISS:    [176/2/10] 戲言系列 10 (ISBN: 9789571039800)
MISS:    [177/1/1] 足球小將 1 (ISBN: 4891845035540)
MISS:    [177/1/2] 足球小將 2 (ISBN: 4891845036240)
MISS:    [177/1/3] 足球小將 3 (ISBN: 4891845036790)
MISS:    [177/1/4] 足球小將 4 (ISBN: 4891845037551)
MISS:    [177/1/5] 足球小將 5 (ISBN: 4891845038633)
MISS:    [177/1/6] 足球小將 6 (ISBN: 4891845039654)
MISS:    [177/1/8] 足球小將 8 (ISBN: 4891845040865)
MISS:    [177/1/9] 足球小將 9 (ISBN: 4891845041589)
MISS:    [177/1/10] 足球小將 10 (ISBN: 4891845042074)
MISS:    [177/1/12] 足球小將 12 (ISBN: 4891845043712)
MISS:    [177/2/1] 足球小將 海外激鬥篇 EN LA LIGA 1 (ISBN: 4891845044108)
MISS:    [177/2/2] 足球小將 海外激鬥篇 EN LA LIGA 2 (ISBN: 4891845052264)
MISS:    [177/2/3] 足球小將 海外激鬥篇 EN LA LIGA 3 (ISBN: 4891845053049)
MISS:    [177/2/4] 足球小將 海外激鬥篇 EN LA LIGA 4 (ISBN: 4891845053728)
MISS:    [177/2/5] 足球小將 海外激鬥篇 EN LA LIGA 5 (ISBN: 4891845054633)
MISS:    [177/2/6] 足球小將 海外激鬥篇 EN LA LIGA 6 (ISBN: 4891845056248)
MISS:    [177/3/1] 足球小將 海外激鬥篇 IN CALICO 1 (ISBN: 4891845050772)
MISS:    [177/3/2] 足球小將 海外激鬥篇 IN CALICO 2 (ISBN: 4891845051014)
MISS:    [178/1/6] 線上遊戲的老婆不可能是女生？ 6 (ISBN: 9789863668756)
MISS:    [180/1/1] 日式麵包王 1 (ISBN: 4891845024780)
MISS:    [180/1/2] 日式麵包王 2 (ISBN: 4891845025596)
MISS:    [180/1/3] 日式麵包王 3 (ISBN: 4891845025954)
MISS:    [180/1/4] 日式麵包王 4 (ISBN: 4891845026319)
MISS:    [180/1/5] 日式麵包王 5 (ISBN: 4891845027125)
MISS:    [180/1/6] 日式麵包王 6 (ISBN: 4891845027682)
MISS:    [180/1/7] 日式麵包王 7 (ISBN: 4891845028115)
MISS:    [180/1/8] 日式麵包王 8 (ISBN: 4891845028566)
MISS:    [180/1/9] 日式麵包王 9 (ISBN: 4891845028870)
MISS:    [180/1/10] 日式麵包王 10 (ISBN: 4891845029655)
MISS:    [180/1/11] 日式麵包王 11 (ISBN: 4891845029273)
MISS:    [180/1/12] 日式麵包王 12 (ISBN: 4891845030378)
MISS:    [180/1/13] 日式麵包王 13 (ISBN: 4891845031122)
MISS:    [180/1/14] 日式麵包王 14 (ISBN: 4891845031757)
MISS:    [180/1/15] 日式麵包王 15 (ISBN: 4891845032211)
MISS:    [180/1/16] 日式麵包王 16 (ISBN: 4891845032587)
MISS:    [180/1/17] 日式麵包王 17 (ISBN: 4891845033157)
MISS:    [180/1/18] 日式麵包王 18 (ISBN: 4891845033683)
MISS:    [180/1/19] 日式麵包王 19 (ISBN: 4891845034512)
MISS:    [180/1/20] 日式麵包王 20 (ISBN: 4891845034840)
MISS:    [180/1/21] 日式麵包王 21 (ISBN: 4891845035328)
MISS:    [180/1/22] 日式麵包王 22 (ISBN: 4891845036202)
MISS:    [167/2/1] 頭文字D 外傳 1 (ISBN: 9374076568033)
MISS:    [181/1/2] 東京喰種 2 (ISBN: 9789888326907)
MISS:    [181/1/8] 東京喰種 8 (ISBN: 4717702261603)
MISS:    [181/1/10] 東京喰種 10 (ISBN: 4717702262945)
MISS:    [181/2/1] 東京喰種：re 1 (ISBN: 4717702267667)
Progress: 1900/4422 | Matched: 174 | Missed: 632
MISS:    [184/2/1] 校園迷糊大王Z 1 (ISBN: 9789861057552)
DL_FAIL: [187/1/2] 犬夜叉 2
DL_FAIL: [187/1/3] 犬夜叉 3
MISS:    [187/1/6] 犬夜叉 6 (ISBN: 4891845016525)
DL_FAIL: [187/1/7] 犬夜叉 7
MISS:    [187/1/22] 犬夜叉 22 (ISBN: 4891845022298)
MISS:    [187/1/23] 犬夜叉 23 (ISBN: 4891845022946)
MISS:    [187/1/26] 犬夜叉 26 (ISBN: 4891845024735)
MISS:    [187/1/27] 犬夜叉 27 (ISBN: 4891845026111)
MISS:    [187/1/31] 犬夜叉 31 (ISBN: 4891845028573)
Progress: 1950/4422 | Matched: 185 | Missed: 642
MISS:    [187/1/44] 犬夜叉 44 (ISBN: 4891845035618)
MISS:    [187/1/51] 犬夜叉 51 (ISBN: 4891845040858)
MISS:    [186/1/1] 十字架與吸血鬼 1 (ISBN: 9789882103320)
MISS:    [186/1/2] 十字架與吸血鬼 2 (ISBN: 9789882103337)
MISS:    [186/1/3] 十字架與吸血鬼 3 (ISBN: 9789882103344)
MISS:    [186/1/4] 十字架與吸血鬼 4 (ISBN: 9789882103351)
MISS:    [186/1/5] 十字架與吸血鬼 5 (ISBN: 9789882103368)
MISS:    [186/1/8] 十字架與吸血鬼 8 (ISBN: 9789882104860)
MISS:    [186/2/1] 十字架與吸血鬼seasonII 1 (ISBN: 9789882108387)
MISS:    [186/2/2] 十字架與吸血鬼seasonII 2 (ISBN: 9789882108530)
MISS:    [186/2/3] 十字架與吸血鬼seasonII 3 (ISBN: 9789882108554)
MISS:    [186/2/4] 十字架與吸血鬼seasonII 4 (ISBN: 9789882108653)
MISS:    [186/2/5] 十字架與吸血鬼seasonII 5 (ISBN: 9789882108714)
MISS:    [186/2/6] 十字架與吸血鬼seasonII 6 (ISBN: 9789882108967)
MISS:    [186/2/7] 十字架與吸血鬼seasonII 7 (ISBN: 9789888068012)
MISS:    [188/1/1] 歡迎加入NHK！ 1 (ISBN: 9789867299109)
MISS:    [188/1/2] 歡迎加入NHK！ 2 (ISBN: 9789867189202)
MISS:    [188/1/3] 歡迎加入NHK！ 3 (ISBN: 9789867189912)
MISS:    [188/1/4] 歡迎加入NHK！ 4 (ISBN: 9789861740560)
MISS:    [188/1/5] 歡迎加入NHK！ 5 (ISBN: 9789861741888)
MISS:    [188/1/6] 歡迎加入NHK！ 6 (ISBN: 9789861744315)
MISS:    [188/1/7] 歡迎加入NHK！ 7 (ISBN: 9789861745282)
MISS:    [188/1/8] 歡迎加入NHK！ 8 (ISBN: 9789861745947)
MISS:    [190/1/1] .hack//黃昏的腕輪傳說 1 (ISBN: 9789867993731)
MISS:    [190/1/2] .hack//黃昏的腕輪傳說 2 (ISBN: 9789867993991)
MISS:    [190/1/3] .hack//黃昏的腕輪傳說 3 (ISBN: 9789867427250)
MISS:    [189/1/1] 戰國妖狐 1 (ISBN: 9789861030616)
MISS:    [189/1/2] 戰國妖狐 2 (ISBN: 9789861030623)
MISS:    [189/1/3] 戰國妖狐 3 (ISBN: 9789861048420)
MISS:    [189/1/4] 戰國妖狐 4 (ISBN: 9789861056869)
MISS:    [189/1/5] 戰國妖狐 5 (ISBN: 9789861068169)
MISS:    [190/2/1] 小小魔法使響 1 (ISBN: 9789867189967)
MISS:    [190/2/2] 小小魔法使響 2 (ISBN: 9789861743516)
Progress: 2000/4422 | Matched: 188 | Missed: 675
MISS:    [192/1/1] 魔力女管家 1 (ISBN: 4719863043913)
MISS:    [192/1/2] 魔力女管家 2 (ISBN: 4719863044255)
MISS:    [192/1/3] 魔力女管家 3 (ISBN: 4719863044538)
MISS:    [192/1/4] 魔力女管家 4 (ISBN: 4719863045399)
MISS:    [192/1/5] 魔力女管家 5 (ISBN: 4719863048185)
MISS:    [192/1/6] 魔力女管家 6 (ISBN: 4710614361461)
MISS:    [192/1/7] 魔力女管家 7 (ISBN: 4710614364509)
MISS:    [192/1/8] 魔力女管家 8 (ISBN: 4710614373761)
MISS:    [191/1/1] 漫畫派對 1 (ISBN: 9789867993977)
MISS:    [191/1/2] 漫畫派對 2 (ISBN: 9789867664136)
MISS:    [191/1/3] 漫畫派對 3 (ISBN: 9789867664549)
MISS:    [191/1/4] 漫畫派對 4 (ISBN: 9789867427267)
MISS:    [191/1/5] 漫畫派對 5 (ISBN: 9789867189226)
MISS:    [194/1/1] WHISTLE! 1 (ISBN: 4891845016709)
MISS:    [194/1/2] WHISTLE! 2 (ISBN: 4891845016877)
MISS:    [194/1/4] WHISTLE! 4 (ISBN: 4891845501786)
MISS:    [194/1/5] WHISTLE! 5 (ISBN: 4891845017294)
MISS:    [194/1/6] WHISTLE! 6 (ISBN: 4891845017980)
MISS:    [194/1/8] WHISTLE! 8 (ISBN: 4891845018598)
MISS:    [194/1/9] WHISTLE! 9 (ISBN: 4891845018642)
MISS:    [194/1/23] WHISTLE! 23 (ISBN: 4891845026517)
MISS:    [195/1/1] KARIN增血鬼 1 (ISBN: 4710765199586)
MISS:    [195/1/2] KARIN增血鬼 2 (ISBN: 4710765199678)
MISS:    [195/1/3] KARIN增血鬼 3 (ISBN: 4710765200572)
MISS:    [195/1/4] KARIN增血鬼 4 (ISBN: 4710765202187)
MISS:    [195/1/5] KARIN增血鬼 5 (ISBN: 4710765210618)
MISS:    [195/1/6] KARIN增血鬼 6 (ISBN: 4710765213305)
MISS:    [195/1/7] KARIN增血鬼 7 (ISBN: 4710765214586)
MISS:    [195/1/8] KARIN增血鬼 8 (ISBN: 4710765216115)
MISS:    [195/1/9] KARIN增血鬼 9 (ISBN: 4710765217853)
MISS:    [195/1/10] KARIN增血鬼 10 (ISBN: 4710765218249)
MISS:    [195/1/11] KARIN增血鬼 11 (ISBN: 4712805824939)
MISS:    [195/1/12] KARIN增血鬼 12 (ISBN: 4712805825462)
MISS:    [195/1/13] KARIN增血鬼 13 (ISBN: 4712805825745)
Progress: 2050/4422 | Matched: 192 | Missed: 709
MISS:    [195/1/14] KARIN增血鬼 14 (ISBN: 4712805828043)
MISS:    [196/1/1] 漂亮臉蛋 1 (ISBN: 9789861114743)
MISS:    [196/1/2] 漂亮臉蛋 2 (ISBN: 9789861119342)
MISS:    [196/1/3] 漂亮臉蛋 3 (ISBN: 9789861121055)
MISS:    [196/1/4] 漂亮臉蛋 4 (ISBN: 9789861123387)
MISS:    [196/1/5] 漂亮臉蛋 5 (ISBN: 9789861129587)
MISS:    [196/1/6] 漂亮臉蛋 6 (ISBN: 9789861136219)
MISS:    [197/1/9] GetBackers閃靈二人組 9 (ISBN: 9789573498261)
MISS:    [197/1/10] GetBackers閃靈二人組 10 (ISBN: 8782773498278)
MISS:    [197/1/15] GetBackers閃靈二人組 15 (ISBN: 8782776998379)
MISS:    [197/1/24] GetBackers閃靈二人組 24 (ISBN: 9789861137889)
MISS:    [197/1/27] GetBackers閃靈二人組 27 (ISBN: 9789861152424)
MISS:    [197/1/34] GetBackers閃靈二人組 34 (ISBN: 9789861177724)
MISS:    [199/1/1] 抓鬼天狗幫 1 (ISBN: 9789861125534)
MISS:    [199/1/2] 抓鬼天狗幫 2 (ISBN: 9789861125541)
MISS:    [199/1/3] 抓鬼天狗幫 3 (ISBN: 9789861128955)
MISS:    [199/1/4] 抓鬼天狗幫 4 (ISBN: 9789861128962)
Progress: 2100/4422 | Matched: 205 | Missed: 726
MISS:    [199/1/5] 抓鬼天狗幫 5 (ISBN: 9789861168302)
MISS:    [199/1/6] 抓鬼天狗幫 6 (ISBN: 9789861171258)
MISS:    [199/1/7] 抓鬼天狗幫 7 (ISBN: 9789861176338)
MISS:    [199/1/8] 抓鬼天狗幫 8 (ISBN: 9789861188300)
MISS:    [199/1/9] 抓鬼天狗幫 9 (ISBN: 9789861198149)
MISS:    [200/1/12] 絕望先生 12 (ISBN: 9789861014890)
MISS:    [200/1/24] 絕望先生 24 (ISBN: 9789861074504)
MISS:    [193/1/1] Fate/stay night comic battle 1 (ISBN: 9789861740003)
MISS:    [193/1/2] Fate/stay night comic battle 2 (ISBN: 9789867189462)
MISS:    [201/1/1] 銀河天使 1 (ISBN: 9789861007670)
MISS:    [201/1/2] 銀河天使 2 (ISBN: 9789861007687)
MISS:    [201/1/3] 銀河天使 3 (ISBN: 9789861007694)
MISS:    [201/1/4] 銀河天使 4 (ISBN: 9789861007700)
MISS:    [201/1/5] 銀河天使 5 (ISBN: 9789861007717)
MISS:    [201/2/1] 銀河天使2nd 1 (ISBN: 9789861016429)
MISS:    [201/2/2] 銀河天使2nd 2 (ISBN: 9789861016436)
MISS:    [201/2/3] 銀河天使2nd 3 (ISBN: 9789861016443)
MISS:    [69/3/1] 魔法騎士 1 (ISBN: 9789882072947)
MISS:    [69/3/2] 魔法騎士 2 (ISBN: 9789882072992)
MISS:    [69/3/3] 魔法騎士 3 (ISBN: 9789882070059)
MISS:    [69/4/1] 魔法騎士2 1 (ISBN: 9789882070103)
MISS:    [69/4/2] 魔法騎士2 2 (ISBN: 9789882070158)
Progress: 2150/4422 | Matched: 209 | Missed: 748
MISS:    [69/4/3] 魔法騎士2 3 (ISBN: 9789882070202)
MISS:    [198/1/7] Rec 7 (ISBN: 4891845040278)
MISS:    [198/1/11] Rec 11 (ISBN: 4891845050505)
MISS:    [205/1/1] 日本沈沒 1 (ISBN: 4891845037643)
MISS:    [205/1/4] 日本沈沒 4 (ISBN: 4891845038398)
MISS:    [205/1/5] 日本沈沒 5 (ISBN: 4891845038763)
MISS:    [205/1/6] 日本沈沒 6 (ISBN: 4891845039555)
MISS:    [206/1/1] LOVE STAGE!! 1 (ISBN: 9789862879368)
MISS:    [207/1/1] 女生勿進 1 (ISBN: 4893345014421)
MISS:    [207/1/2] 女生勿進 2 (ISBN: 4893345014414)
Progress: 2200/4422 | Matched: 219 | Missed: 758
MISS:    [207/1/3] 女生勿進 3 (ISBN: 4893345014414)
MISS:    [207/1/4] 女生勿進 4 (ISBN: 4893345014414)
MISS:    [207/1/5] 女生勿進 5 (ISBN: 4893345014414)
MISS:    [207/1/6] 女生勿進 6 (ISBN: 4893345014414)
MISS:    [207/1/7] 女生勿進 7 (ISBN: 4893345014414)
MISS:    [207/1/8] 女生勿進 8 (ISBN: 4893345014414)
MISS:    [207/1/9] 女生勿進 9 (ISBN: 4893345014414)
MISS:    [207/1/10] 女生勿進 10 (ISBN: 9789629984311)
MISS:    [207/1/11] 女生勿進 11 (ISBN: 9789629986018)
MISS:    [207/1/12] 女生勿進 12 (ISBN: 9789629986827)
MISS:    [207/1/13] 女生勿進 13 (ISBN: 9789629988364)
MISS:    [207/1/14] 女生勿進 14 (ISBN: 9789629988746)
MISS:    [207/1/15] 女生勿進 15 (ISBN: 9789629988753)
MISS:    [207/1/16] 女生勿進 16 (ISBN: 9789629988760)
MISS:    [207/1/17] 女生勿進 17 (ISBN: 9789629988777)
MISS:    [207/1/18] 女生勿進 18 (ISBN: 9789629988784)
MISS:    [207/1/19] 女生勿進 19 (ISBN: 9789629989248)
MISS:    [207/1/20] 女生勿進 20 (ISBN: 9789629988111)
MISS:    [207/1/21] 女生勿進 21 (ISBN: 9789882070523)
MISS:    [207/1/22] 女生勿進 22 (ISBN: 9789882071803)
MISS:    [207/1/23] 女生勿進 23 (ISBN: 9789882074224)
MISS:    [209/1/0] 爆笑管家工作日誌 0 (ISBN: 9789888100521)
MISS:    [209/1/1] 爆笑管家工作日誌 1 (ISBN: 9789882076266)
MISS:    [209/1/2] 爆笑管家工作日誌 2 (ISBN: 9789882076327)
MISS:    [209/1/3] 爆笑管家工作日誌 3 (ISBN: 9789882076334)
MISS:    [209/1/4] 爆笑管家工作日誌 4 (ISBN: 9789882077577)
MISS:    [209/1/5] 爆笑管家工作日誌 5 (ISBN: 9789882077584)
MISS:    [209/1/6] 爆笑管家工作日誌 6 (ISBN: 9789882150058)
MISS:    [209/1/7] 爆笑管家工作日誌 7 (ISBN: 9789882150898)
MISS:    [209/1/8] 爆笑管家工作日誌 8 (ISBN: 9789882151796)
MISS:    [209/1/9] 爆笑管家工作日誌 9 (ISBN: 9789882152489)
MISS:    [209/1/10] 爆笑管家工作日誌 10 (ISBN: 9789882152984)
MISS:    [209/1/11] 爆笑管家工作日誌 11 (ISBN: 9789882153509)
MISS:    [209/1/12] 爆笑管家工作日誌 12 (ISBN: 9789882154483)
MISS:    [209/1/13] 爆笑管家工作日誌 13 (ISBN: 9789882155312)
MISS:    [209/1/14] 爆笑管家工作日誌 14 (ISBN: 9789882156289)
MISS:    [209/1/15] 爆笑管家工作日誌 15 (ISBN: 9789882157071)
MISS:    [209/1/16] 爆笑管家工作日誌 16 (ISBN: 9789882157828)
MISS:    [209/1/17] 爆笑管家工作日誌 17 (ISBN: 9789882158702)
MISS:    [209/1/18] 爆笑管家工作日誌 18 (ISBN: 9789882159174)
MISS:    [209/1/19] 爆笑管家工作日誌 19 (ISBN: 9789888029211)
MISS:    [209/1/20] 爆笑管家工作日誌 20 (ISBN: 9789888029600)
MISS:    [209/1/21] 爆笑管家工作日誌 21 (ISBN: 9789888030552)
MISS:    [209/1/22] 爆笑管家工作日誌 22 (ISBN: 9789888031276)
MISS:    [209/1/23] 爆笑管家工作日誌 23 (ISBN: 9789888032389)
MISS:    [209/1/24] 爆笑管家工作日誌 24 (ISBN: 9789888032907)
MISS:    [209/1/25] 爆笑管家工作日誌 25 (ISBN: 9789888033737)
MISS:    [209/1/26] 爆笑管家工作日誌 26 (ISBN: 9789888096459)
Progress: 2250/4422 | Matched: 219 | Missed: 806
MISS:    [209/1/27] 爆笑管家工作日誌 27 (ISBN: 9789888097272)
MISS:    [209/1/28] 爆笑管家工作日誌 28 (ISBN: 9789888097487)
MISS:    [209/1/29] 爆笑管家工作日誌 29 (ISBN: 9789888098279)
MISS:    [209/1/30] 爆笑管家工作日誌 30 (ISBN: 9789888098668)
MISS:    [209/1/31] 爆笑管家工作日誌 31 (ISBN: 9789888099078)
MISS:    [209/1/32] 爆笑管家工作日誌 32 (ISBN: 9789888099993)
MISS:    [209/1/33] 爆笑管家工作日誌 33 (ISBN: 9789888100545)
MISS:    [209/1/34] 爆笑管家工作日誌 34 (ISBN: 9789888100859)
MISS:    [209/1/35] 爆笑管家工作日誌 35 (ISBN: 9789888213221)
MISS:    [209/1/36] 爆笑管家工作日誌 36 (ISBN: 9789888213740)
MISS:    [210/1/22] 醫龍 22 (ISBN: 9789888031221)
MISS:    [203/1/6] 魔界小金毛 6 (ISBN: 4891845025381)
MISS:    [203/1/7] 魔界小金毛 7 (ISBN: 4891845026340)
MISS:    [203/1/8] 魔界小金毛 8 (ISBN: 4891845026869)
MISS:    [203/1/9] 魔界小金毛 9 (ISBN: 4891845027903)
MISS:    [203/1/10] 魔界小金毛 10 (ISBN: 4891845028085)
MISS:    [203/1/11] 魔界小金毛 11 (ISBN: 4891845028511)
MISS:    [203/1/12] 魔界小金毛 12 (ISBN: 4891845028740)
MISS:    [203/1/13] 魔界小金毛 13 (ISBN: 4891845029372)
MISS:    [203/1/14] 魔界小金毛 14 (ISBN: 4891845029815)
MISS:    [203/1/15] 魔界小金毛 15 (ISBN: 4891845030347)
MISS:    [203/1/16] 魔界小金毛 16 (ISBN: 4891845030873)
MISS:    [203/1/17] 魔界小金毛 17 (ISBN: 4891845031351)
MISS:    [203/1/18] 魔界小金毛 18 (ISBN: 4891845031979)
MISS:    [203/1/19] 魔界小金毛 19 (ISBN: 4891845032440)
MISS:    [203/1/20] 魔界小金毛 20 (ISBN: 4891845032891)
MISS:    [203/1/21] 魔界小金毛 21 (ISBN: 4891845033874)
MISS:    [203/1/22] 魔界小金毛 22 (ISBN: 4891845034338)
MISS:    [203/1/23] 魔界小金毛 23 (ISBN: 4891845034819)
MISS:    [203/1/24] 魔界小金毛 24 (ISBN: 4891845035960)
MISS:    [203/1/25] 魔界小金毛 25 (ISBN: 4891845036844)
MISS:    [211/1/1] 死神與巧克力百匯 1 (ISBN: 9789861092515)
MISS:    [212/1/1] 百と卍 1 (ISBN: 9789864757251)
MISS:    [213/1/1] 電車男 - 不過，我出發了。 1 (ISBN: 9789889853426)
MISS:    [215/1/1] 美鳥伴身邊 1 (ISBN: 9789861127194)
MISS:    [215/1/2] 美鳥伴身邊 2 (ISBN: 9789861127200)
MISS:    [215/1/3] 美鳥伴身邊 3 (ISBN: 9789861132617)
MISS:    [215/1/4] 美鳥伴身邊 4 (ISBN: 9789861138091)
MISS:    [215/1/5] 美鳥伴身邊 5 (ISBN: 9789861138107)
MISS:    [215/1/6] 美鳥伴身邊 6 (ISBN: 9789861149844)
MISS:    [215/1/7] 美鳥伴身邊 7 (ISBN: 9789861149844)
MISS:    [215/1/8] 美鳥伴身邊 8 (ISBN: 9789861154435)
Progress: 2300/4422 | Matched: 223 | Missed: 848
MISS:    [214/1/6] 鬼眼狂刀 6 (ISBN: 9789577312280)
DL_FAIL: [217/1/1] BLOOD ALONE 1
MISS:    [217/1/2] BLOOD ALONE 2 (ISBN: 9789867189592)
MISS:    [217/1/3] BLOOD ALONE 3 (ISBN: 9789861741673)
MISS:    [217/1/4] BLOOD ALONE 4 (ISBN: 9789861745305)
MISS:    [217/1/5] BLOOD ALONE 5 (ISBN: 9789861748436)
MISS:    [217/1/6] BLOOD ALONE 6 (ISBN: 9789862376928)
MISS:    [218/1/1] 草莓100% 1 (ISBN: 4891845026173)
MISS:    [218/1/2] 草莓100% 2 (ISBN: 4891845026777)
MISS:    [218/1/3] 草莓100% 3 (ISBN: 4891845027040)
MISS:    [218/1/4] 草莓100% 4 (ISBN: 4891845027811)
MISS:    [218/1/5] 草莓100% 5 (ISBN: 4891845028351)
MISS:    [218/1/6] 草莓100% 6 (ISBN: 4891845028641)
MISS:    [218/1/7] 草莓100% 7 (ISBN: 4891845028825)
MISS:    [218/1/8] 草莓100% 8 (ISBN: 4891845029150)
MISS:    [218/1/9] 草莓100% 9 (ISBN: 4891845029464)
MISS:    [218/1/10] 草莓100% 10 (ISBN: 4891845029471)
Progress: 2350/4422 | Matched: 235 | Missed: 865
MISS:    [218/1/11] 草莓100% 11 (ISBN: 4891845029488)
MISS:    [218/1/12] 草莓100% 12 (ISBN: 4891845029495)
MISS:    [218/1/13] 草莓100% 13 (ISBN: 4891845029501)
MISS:    [218/1/14] 草莓100% 14 (ISBN: 4891845031306)
MISS:    [218/1/15] 草莓100% 15 (ISBN: 4891845032860)
MISS:    [218/1/16] 草莓100% 16 (ISBN: 4891845033416)
MISS:    [218/1/17] 草莓100% 17 (ISBN: 4891845033744)
MISS:    [218/1/18] 草莓100% 18 (ISBN: 4891845034239)
MISS:    [218/1/19] 草莓100% 19 (ISBN: 4891845034710)
MISS:    [219/1/1] 聖石小子普魯的奇妙日記 1 (ISBN: 9789861178516)
MISS:    [219/1/2] 聖石小子普魯的奇妙日記 2 (ISBN: 9789861178523)
MISS:    [219/1/3] 聖石小子普魯的奇妙日記 3 (ISBN: 9789861178530)
MISS:    [219/3/1] 獸魂 1 (ISBN: 9789861000107)
MISS:    [219/3/2] 獸魂 2 (ISBN: 9789861006888)
MISS:    [219/2/1] 聖石小子 1 (ISBN: 9789577313058)
MISS:    [219/2/2] 聖石小子 2 (ISBN: 9789577313065)
MISS:    [219/2/5] 聖石小子 5 (ISBN: 9789577318923)
MISS:    [219/2/6] 聖石小子 6 (ISBN: 9789577318930)
MISS:    [219/2/7] 聖石小子 7 (ISBN: 9789576992056)
MISS:    [219/2/8] 聖石小子 8 (ISBN: 9789576992063)
MISS:    [219/2/9] 聖石小子 9 (ISBN: 9789576994982)
MISS:    [219/2/10] 聖石小子 10 (ISBN: 9789576994999)
MISS:    [219/2/11] 聖石小子 11 (ISBN: 9789861101255)
MISS:    [219/2/12] 聖石小子 12 (ISBN: 9789861102719)
MISS:    [219/2/13] 聖石小子 13 (ISBN: 9789861103686)
MISS:    [219/2/14] 聖石小子 14 (ISBN: 9789861114477)
MISS:    [219/2/15] 聖石小子 15 (ISBN: 9789861115900)
MISS:    [219/2/16] 聖石小子 16 (ISBN: 9789861117904)
MISS:    [219/2/17] 聖石小子 17 (ISBN: 9789861119762)
MISS:    [219/2/18] 聖石小子 18 (ISBN: 9789861119779)
MISS:    [219/2/19] 聖石小子 19 (ISBN: 9789861121178)
MISS:    [219/2/20] 聖石小子 20 (ISBN: 9789861121185)
Progress: 2400/4422 | Matched: 241 | Missed: 897
MISS:    [219/2/21] 聖石小子 21 (ISBN: 9789861127156)
MISS:    [219/2/22] 聖石小子 22 (ISBN: 9789861129662)
MISS:    [219/2/23] 聖石小子 23 (ISBN: 9789861139050)
MISS:    [219/2/24] 聖石小子 24 (ISBN: 9789861143507)
MISS:    [219/2/25] 聖石小子 25 (ISBN: 9789861143514)
MISS:    [219/2/26] 聖石小子 26 (ISBN: 9789861145778)
MISS:    [219/2/27] 聖石小子 27 (ISBN: 9789861147796)
MISS:    [219/2/28] 聖石小子 28 (ISBN: 9789861155340)
MISS:    [219/2/29] 聖石小子 29 (ISBN: 9789861155357)
MISS:    [219/2/30] 聖石小子 30 (ISBN: 9789861159072)
MISS:    [219/2/31] 聖石小子 31 (ISBN: 9789861164885)
MISS:    [219/2/32] 聖石小子 32 (ISBN: 9789861164892)
MISS:    [219/2/33] 聖石小子 33 (ISBN: 9789861166261)
MISS:    [219/2/34] 聖石小子 34 (ISBN: 9789861166278)
MISS:    [219/2/35] 聖石小子 35 (ISBN: 9789861176611)
MISS:    [221/1/1] 少年偵探 ～推理之絆～ 1 (ISBN: 9789572559383)
MISS:    [221/1/2] 少年偵探 ～推理之絆～ 2 (ISBN: 9789572563106)
MISS:    [221/1/3] 少年偵探 ～推理之絆～ 3 (ISBN: 9789572563113)
MISS:    [221/1/4] 少年偵探 ～推理之絆～ 4 (ISBN: 9789572569856)
MISS:    [221/1/5] 少年偵探 ～推理之絆～ 5 (ISBN: 9789572572856)
MISS:    [221/1/6] 少年偵探 ～推理之絆～ 6 (ISBN: 9789572575772)
MISS:    [221/1/7] 少年偵探 ～推理之絆～ 7 (ISBN: 9789572578070)
MISS:    [221/1/8] 少年偵探 ～推理之絆～ 8 (ISBN: 9789572581551)
MISS:    [221/1/9] 少年偵探 ～推理之絆～ 9 (ISBN: 9789572583920)
MISS:    [221/1/10] 少年偵探 ～推理之絆～ 10 (ISBN: 9789628865901)
MISS:    [221/1/11] 少年偵探 ～推理之絆～ 11 (ISBN: 9789628865918)
MISS:    [221/1/12] 少年偵探 ～推理之絆～ 12 (ISBN: 9789628886128)
MISS:    [221/1/13] 少年偵探 ～推理之絆～ 13 (ISBN: 9789628887057)
MISS:    [221/1/14] 少年偵探 ～推理之絆～ 14 (ISBN: 9789628923045)
MISS:    [221/1/15] 少年偵探 ～推理之絆～ 15 (ISBN: 9789628923823)
MISS:    [223/1/1] 神通小偵探 1 (ISBN: 9789573486510)
MISS:    [223/1/2] 神通小偵探 2 (ISBN: 9789573486527)
MISS:    [223/1/3] 神通小偵探 3 (ISBN: 9789573493822)
MISS:    [223/1/4] 神通小偵探 4 (ISBN: 9789573493839)
MISS:    [223/1/5] 神通小偵探 5 (ISBN: 9789577316004)
MISS:    [223/1/6] 神通小偵探 6 (ISBN: 9789577316011)
MISS:    [223/1/7] 神通小偵探 7 (ISBN: 9789576996276)
Progress: 2450/4422 | Matched: 244 | Missed: 934
MISS:    [223/1/8] 神通小偵探 8 (ISBN: 8782776996283)
MISS:    [223/1/10] 神通小偵探 10 (ISBN: 9789861109954)
MISS:    [223/1/11] 神通小偵探 11 (ISBN: 9789861112367)
MISS:    [223/1/13] 神通小偵探 13 (ISBN: 9789861115924)
MISS:    [223/1/14] 神通小偵探 14 (ISBN: 9789861121765)
MISS:    [223/1/15] 神通小偵探 15 (ISBN: 9789861124117)
MISS:    [223/1/16] 神通小偵探 16 (ISBN: 9789861137872)
MISS:    [223/1/17] 神通小偵探 17 (ISBN: 9789861143859)
MISS:    [223/1/18] 神通小偵探 18 (ISBN: 9789861152561)
MISS:    [223/1/19] 神通小偵探 19 (ISBN: 9789861159089)
MISS:    [223/1/20] 神通小偵探 20 (ISBN: 9789861159096)
MISS:    [223/1/21] 神通小偵探 21 (ISBN: 9789861166353)
MISS:    [223/1/22] 神通小偵探 22 (ISBN: 9789861166360)
MISS:    [223/1/23] 神通小偵探 23 (ISBN: 9789861182308)
MISS:    [223/1/24] 神通小偵探 24 (ISBN: 9789861185668)
MISS:    [223/1/25] 神通小偵探 25 (ISBN: 9789861191010)
MISS:    [223/1/29] 神通小偵探 29 (ISBN: 9789861014913)
MISS:    [223/1/30] 神通小偵探 30 (ISBN: 9789861020723)
MISS:    [223/1/31] 神通小偵探 31 (ISBN: 9789861027098)
MISS:    [223/1/33] 神通小偵探 33 (ISBN: 9789861039589)
MISS:    [225/1/1] 感應少年EIJI 1 (ISBN: 9789573448464)
MISS:    [225/1/2] 感應少年EIJI 2 (ISBN: 9789573448471)
MISS:    [225/1/3] 感應少年EIJI 3 (ISBN: 9789573455387)
MISS:    [225/1/4] 感應少年EIJI 4 (ISBN: 9789573455394)
MISS:    [225/1/5] 感應少年EIJI 5 (ISBN: 9789573455400)
MISS:    [225/1/6] 感應少年EIJI 6 (ISBN: 9789573464600)
MISS:    [225/1/7] 感應少年EIJI 7 (ISBN: 9789573464617)
MISS:    [225/1/8] 感應少年EIJI 8 (ISBN: 9789573464624)
MISS:    [225/1/9] 感應少年EIJI 9 (ISBN: 9789573471752)
MISS:    [225/1/10] 感應少年EIJI 10 (ISBN: 9789573471769)
MISS:    [225/1/11] 感應少年EIJI 11 (ISBN: 9789573474951)
MISS:    [225/1/12] 感應少年EIJI 12 (ISBN: 9789573474968)
MISS:    [225/1/13] 感應少年EIJI 13 (ISBN: 9789573477358)
MISS:    [225/1/14] 感應少年EIJI 14 (ISBN: 9789573477365)
MISS:    [225/1/15] 感應少年EIJI 15 (ISBN: 9789573482284)
MISS:    [225/1/16] 感應少年EIJI 16 (ISBN: 9789573482291)
MISS:    [225/1/17] 感應少年EIJI 17 (ISBN: 9789573485292)
MISS:    [225/1/18] 感應少年EIJI 18 (ISBN: 9789573485308)
MISS:    [225/1/19] 感應少年EIJI 19 (ISBN: 9789573492160)
MISS:    [225/1/20] 感應少年EIJI 20 (ISBN: 9789573492177)
MISS:    [225/1/21] 感應少年EIJI 21 (ISBN: 9789573492184)
MISS:    [225/1/22] 感應少年EIJI 22 (ISBN: 9789573492191)
MISS:    [225/1/23] 感應少年EIJI 23 (ISBN: 9789577313607)
MISS:    [225/1/24] 感應少年EIJI 24 (ISBN: 9789577316028)
Progress: 2500/4422 | Matched: 247 | Missed: 978
MISS:    [225/1/25] 感應少年EIJI 25 (ISBN: 9789577316035)
MISS:    [224/1/1] 強棒出擊 1 (ISBN: 4891845024070)
MISS:    [224/1/2] 強棒出擊 2 (ISBN: 4891845024346)
MISS:    [224/1/3] 強棒出擊 3 (ISBN: 4891845024599)
MISS:    [224/1/4] 強棒出擊 4 (ISBN: 4891845025701)
MISS:    [224/1/5] 強棒出擊 5 (ISBN: 4891845026074)
MISS:    [224/1/6] 強棒出擊 6 (ISBN: 4891845026814)
MISS:    [224/1/7] 強棒出擊 7 (ISBN: 4891845027361)
MISS:    [224/1/8] 強棒出擊 8 (ISBN: 4891845028092)
MISS:    [224/1/9] 強棒出擊 9 (ISBN: 4891845028702)
MISS:    [224/1/10] 強棒出擊 10 (ISBN: 4891845029181)
MISS:    [224/1/11] 強棒出擊 11 (ISBN: 4891845029822)
MISS:    [224/1/12] 強棒出擊 12 (ISBN: 4891845030408)
MISS:    [224/1/13] 強棒出擊 13 (ISBN: 4891845031030)
MISS:    [224/1/14] 強棒出擊 14 (ISBN: 4891845031191)
MISS:    [224/1/15] 強棒出擊 15 (ISBN: 4891845031603)
MISS:    [224/1/16] 強棒出擊 16 (ISBN: 4891845032518)
MISS:    [224/1/17] 強棒出擊 17 (ISBN: 4891845032983)
MISS:    [224/1/18] 強棒出擊 18 (ISBN: 4891845033867)
MISS:    [224/1/19] 強棒出擊 19 (ISBN: 4891845034383)
MISS:    [224/1/20] 強棒出擊 20 (ISBN: 4891845034895)
MISS:    [224/1/21] 強棒出擊 21 (ISBN: 4891845035748)
MISS:    [224/1/22] 強棒出擊 22 (ISBN: 4891845035984)
MISS:    [224/1/23] 強棒出擊 23 (ISBN: 4891845036875)
MISS:    [227/1/2] 機動戰士GUNDAM The ORIGIN 2 (ISBN: 9789867993564)
MISS:    [227/1/3] 機動戰士GUNDAM The ORIGIN 3 (ISBN: 9789867993663)
MISS:    [227/1/4] 機動戰士GUNDAM The ORIGIN 4 (ISBN: 9789867664075)
MISS:    [227/1/5] 機動戰士GUNDAM The ORIGIN 5 (ISBN: 9789867664464)
MISS:    [227/1/6] 機動戰士GUNDAM The ORIGIN 6 (ISBN: 9789867427151)
MISS:    [227/1/7] 機動戰士GUNDAM The ORIGIN 7 (ISBN: 9789867427618)
MISS:    [227/1/8] 機動戰士GUNDAM The ORIGIN 8 (ISBN: 9789867299413)
MISS:    [227/1/9] 機動戰士GUNDAM The ORIGIN 9 (ISBN: 9789867189288)
MISS:    [227/1/10] 機動戰士GUNDAM The ORIGIN 10 (ISBN: 9789867189738)
MISS:    [227/1/11] 機動戰士GUNDAM The ORIGIN 11 (ISBN: 9789861740522)
MISS:    [227/1/12] 機動戰士GUNDAM The ORIGIN 12 (ISBN: 9789861741048)
MISS:    [227/1/13] 機動戰士GUNDAM The ORIGIN 13 (ISBN: 9789861741857)
MISS:    [227/1/14] 機動戰士GUNDAM The ORIGIN 14 (ISBN: 9789861743158)
MISS:    [227/1/15] 機動戰士GUNDAM The ORIGIN 15 (ISBN: 9789861745008)
MISS:    [227/1/16] 機動戰士GUNDAM The ORIGIN 16 (ISBN: 9789861747026)
MISS:    [227/1/17] 機動戰士GUNDAM The ORIGIN 17 (ISBN: 9789861749754)
MISS:    [227/1/18] 機動戰士GUNDAM The ORIGIN 18 (ISBN: 9789862371855)
MISS:    [227/1/19] 機動戰士GUNDAM The ORIGIN 19 (ISBN: 9789862377963)
MISS:    [227/1/20] 機動戰士GUNDAM The ORIGIN 20 (ISBN: 9789862374849)
MISS:    [228/1/1] 美少女戰士 1 (ISBN: 9625851100)
DL_FAIL: [228/1/2] 美少女戰士 2
DL_FAIL: [228/1/3] 美少女戰士 3
DL_FAIL: [228/1/4] 美少女戰士 4
MISS:    [228/1/5] 美少女戰士 5 (ISBN: 9625851143)
MISS:    [228/1/6] 美少女戰士 6 (ISBN: 9625851151)
Progress: 2550/4422 | Matched: 247 | Missed: 1027
DL_FAIL: [228/1/7] 美少女戰士 7
MISS:    [228/1/8] 美少女戰士 8 (ISBN: 9625851178)
DL_FAIL: [228/1/9] 美少女戰士 9
MISS:    [228/1/10] 美少女戰士 10 (ISBN: 9625851194)
MISS:    [228/1/11] 美少女戰士 11 (ISBN: 962585391X)
MISS:    [228/1/12] 美少女戰士 12 (ISBN: 9625853928)
MISS:    [228/1/13] 美少女戰士 13 (ISBN: 9625853936)
MISS:    [228/1/14] 美少女戰士 14 (ISBN: 9625853944)
MISS:    [228/1/16] 美少女戰士 16 (ISBN: 9625853960)
MISS:    [228/1/17] 美少女戰士 17 (ISBN: 9625853979)
MISS:    [228/2/1] 水手戰士V 1 (ISBN: 9625856307)
MISS:    [228/2/2] 水手戰士V 2 (ISBN: 9625856315)
MISS:    [228/2/3] 水手戰士V 3 (ISBN: 9629533006)
MISS:    [229/1/1] 賭博默示錄 1 (ISBN: 4710765166182)
MISS:    [229/1/2] 賭博默示錄 2 (ISBN: 4710765167738)
MISS:    [229/1/5] 賭博默示錄 5 (ISBN: 4710765171513)
MISS:    [229/1/10] 賭博默示錄 10 (ISBN: 4710765181390)
MISS:    [229/1/12] 賭博默示錄 12 (ISBN: 4710765185039)
MISS:    [229/1/13] 賭博默示錄 13 (ISBN: 4710765188207)
MISS:    [229/2/1] 賭博破戒錄 1 (ISBN: 4710765189198)
MISS:    [229/2/2] 賭博破戒錄 2 (ISBN: 4710765191290)
MISS:    [229/2/3] 賭博破戒錄 3 (ISBN: 4710765192426)
MISS:    [229/2/4] 賭博破戒錄 4 (ISBN: 4710765195540)
MISS:    [229/2/5] 賭博破戒錄 5 (ISBN: 4710765198114)
MISS:    [229/2/6] 賭博破戒錄 6 (ISBN: 4710765198619)
MISS:    [229/2/7] 賭博破戒錄 7 (ISBN: 4710765202811)
MISS:    [229/2/8] 賭博破戒錄 8 (ISBN: 4710765205942)
MISS:    [229/2/9] 賭博破戒錄 9 (ISBN: 4710765211325)
MISS:    [229/2/10] 賭博破戒錄 10 (ISBN: 4710765211363)
MISS:    [229/2/11] 賭博破戒錄 11 (ISBN: 4710765212124)
MISS:    [229/2/12] 賭博破戒錄 12 (ISBN: 4710765210632)
MISS:    [229/2/13] 賭博破戒錄 13 (ISBN: 4710765210656)
MISS:    [229/3/1] 賭博墮天錄 1 (ISBN: 4712805824106)
MISS:    [229/3/2] 賭博墮天錄 2 (ISBN: 4712805824113)
MISS:    [229/3/3] 賭博墮天錄 3 (ISBN: 4712805824120)
MISS:    [229/3/4] 賭博墮天錄 4 (ISBN: 4712805827695)
MISS:    [229/3/5] 賭博墮天錄 5 (ISBN: 4712805828456)
MISS:    [229/3/6] 賭博墮天錄 6 (ISBN: 4712805828890)
MISS:    [229/3/7] 賭博墮天錄 7 (ISBN: 4712805829095)
MISS:    [229/3/8] 賭博墮天錄 8 (ISBN: 4711552443400)
MISS:    [229/3/9] 賭博墮天錄 9 (ISBN: 4711552443691)
MISS:    [229/3/10] 賭博墮天錄 10 (ISBN: 4711552444056)
MISS:    [229/3/11] 賭博墮天錄 11 (ISBN: 4711552445640)
MISS:    [229/3/12] 賭博墮天錄 12 (ISBN: 4711552446760)
Progress: 2600/4422 | Matched: 250 | Missed: 1071
MISS:    [229/3/13] 賭博墮天錄 13 (ISBN: 4711552447132)
MISS:    [231/1/1] 我喜歡的女孩忘記戴眼鏡 1 (ISBN: 9789572642054)
MISS:    [231/1/2] 我喜歡的女孩忘記戴眼鏡 2 (ISBN: 9789572642061)
MISS:    [233/1/4] 魔B爸B 4 (ISBN: 4891845053162)
MISS:    [233/1/5] 魔B爸B 5 (ISBN: 4891845053377)
MISS:    [233/1/6] 魔B爸B 6 (ISBN: 4891845053575)
MISS:    [233/1/7] 魔B爸B 7 (ISBN: 4891845053803)
MISS:    [233/1/8] 魔B爸B 8 (ISBN: 4891845054008)
MISS:    [233/1/9] 魔B爸B 9 (ISBN: 4891845054206)
MISS:    [233/1/10] 魔B爸B 10 (ISBN: 4891845054398)
MISS:    [233/1/11] 魔B爸B 11 (ISBN: 4891845054589)
MISS:    [233/1/12] 魔B爸B 12 (ISBN: 4891845054725)
MISS:    [233/1/13] 魔B爸B 13 (ISBN: 4891845054930)
MISS:    [233/1/14] 魔B爸B 14 (ISBN: 4891845055470)
MISS:    [233/1/15] 魔B爸B 15 (ISBN: 4891845055814)
MISS:    [233/1/16] 魔B爸B 16 (ISBN: 4891845056378)
MISS:    [233/1/17] 魔B爸B 17 (ISBN: 4891845056705)
MISS:    [233/1/18] 魔B爸B 18 (ISBN: 4891845056989)
MISS:    [234/1/7] Fate/EXTRA CCC FoxTail 7 (ISBN: 9786263215160)
MISS:    [235/1/] Fate/hollow ataraxia  (ISBN: 9789863827634)
MISS:    [237/1/1] 青之祓魔師 1 (ISBN: 9789888068883)
MISS:    [237/1/2] 青之祓魔師 2 (ISBN: 9789888068968)
MISS:    [237/1/3] 青之祓魔師 3 (ISBN: 9789888069217)
MISS:    [237/1/4] 青之祓魔師 4 (ISBN: 9789888069316)
MISS:    [237/1/5] 青之祓魔師 5 (ISBN: 9789888069361)
MISS:    [237/1/6] 青之祓魔師 6 (ISBN: 9789888069972)
MISS:    [237/1/7] 青之祓魔師 7 (ISBN: 9789888070572)
MISS:    [237/1/8] 青之祓魔師 8 (ISBN: 9789888152469)
MISS:    [237/1/9] 青之祓魔師 9 (ISBN: 9789888153176)
MISS:    [237/1/10] 青之祓魔師 10 (ISBN: 9789888153534)
MISS:    [237/1/11] 青之祓魔師 11 (ISBN: 9789888154296)
Progress: 2650/4422 | Matched: 255 | Missed: 1102
MISS:    [237/1/12] 青之祓魔師 12 (ISBN: 9789888154661)
MISS:    [237/1/13] 青之祓魔師 13 (ISBN: 9789888296279)
MISS:    [237/1/14] 青之祓魔師 14 (ISBN: 9789888296941)
MISS:    [237/1/15] 青之祓魔師 15 (ISBN: 9789888297115)
MISS:    [237/1/16] 青之祓魔師 16 (ISBN: 9789888297375)
MISS:    [237/1/17] 青之祓魔師 17 (ISBN: 9789888297788)
MISS:    [237/1/18] 青之祓魔師 18 (ISBN: 9789888298211)
MISS:    [237/1/19] 青之祓魔師 19 (ISBN: 9789888298570)
MISS:    [237/1/20] 青之祓魔師 20 (ISBN: 9789888298822)
MISS:    [237/1/21] 青之祓魔師 21 (ISBN: 9789888503063)
MISS:    [237/1/23] 青之祓魔師 23 (ISBN: 9789888504138)
MISS:    [236/1/1] 男兒當入樽 （灌籃高手）SLAM DUNK 1 (ISBN: 9625720014)
MISS:    [236/1/2] 男兒當入樽 （灌籃高手）SLAM DUNK 2 (ISBN: 9625720022)
MISS:    [236/1/3] 男兒當入樽 （灌籃高手）SLAM DUNK 3 (ISBN: 9625720030)
MISS:    [236/1/4] 男兒當入樽 （灌籃高手）SLAM DUNK 4 (ISBN: 9625720049)
MISS:    [236/1/5] 男兒當入樽 （灌籃高手）SLAM DUNK 5 (ISBN: 9625720057)
MISS:    [236/1/6] 男兒當入樽 （灌籃高手）SLAM DUNK 6 (ISBN: 9625720065)
MISS:    [236/1/7] 男兒當入樽 （灌籃高手）SLAM DUNK 7 (ISBN: 9625720073)
MISS:    [236/1/8] 男兒當入樽 （灌籃高手）SLAM DUNK 8 (ISBN: 9625720081)
MISS:    [236/1/9] 男兒當入樽 （灌籃高手）SLAM DUNK 9 (ISBN: 962572009X)
MISS:    [236/1/10] 男兒當入樽 （灌籃高手）SLAM DUNK 10 (ISBN: 9625720103)
MISS:    [236/1/11] 男兒當入樽 （灌籃高手）SLAM DUNK 11 (ISBN: 9625720111)
MISS:    [236/1/12] 男兒當入樽 （灌籃高手）SLAM DUNK 12 (ISBN: 962572012X)
MISS:    [236/1/18] 男兒當入樽 （灌籃高手）SLAM DUNK 18 (ISBN: 9625720189)
MISS:    [236/1/19] 男兒當入樽 （灌籃高手）SLAM DUNK 19 (ISBN: 9625720197)
MISS:    [236/1/20] 男兒當入樽 （灌籃高手）SLAM DUNK 20 (ISBN: 9625720200)
MISS:    [236/1/21] 男兒當入樽 （灌籃高手）SLAM DUNK 21 (ISBN: 9625720219)
MISS:    [236/1/22] 男兒當入樽 （灌籃高手）SLAM DUNK 22 (ISBN: 9625856595)
MISS:    [236/1/23] 男兒當入樽 （灌籃高手）SLAM DUNK 23 (ISBN: 9625720235)
MISS:    [236/1/24] 男兒當入樽 （灌籃高手）SLAM DUNK 24 (ISBN: 9625720243)
MISS:    [236/1/25] 男兒當入樽 （灌籃高手）SLAM DUNK 25 (ISBN: 9625856560)
MISS:    [236/1/26] 男兒當入樽 （灌籃高手）SLAM DUNK 26 (ISBN: 9625856579)
MISS:    [236/1/27] 男兒當入樽 （灌籃高手）SLAM DUNK 27 (ISBN: 9625856633)
MISS:    [236/1/28] 男兒當入樽 （灌籃高手）SLAM DUNK 28 (ISBN: 962585665X)
MISS:    [236/1/29] 男兒當入樽 （灌籃高手）SLAM DUNK 29 (ISBN: 9625856668)
MISS:    [236/1/30] 男兒當入樽 （灌籃高手）SLAM DUNK 30 (ISBN: 9625856676)
MISS:    [236/1/31] 男兒當入樽 （灌籃高手）SLAM DUNK 31 (ISBN: 9625855676)
DL_FAIL: [238/1/18] 城市獵人 18
MISS:    [240/1/1] 暗殺教室 1 (ISBN: 9789888213115)
MISS:    [240/1/2] 暗殺教室 2 (ISBN: 9789888213122)
MISS:    [240/1/5] 暗殺教室 5 (ISBN: 9789888213764)
MISS:    [240/1/7] 暗殺教室 7 (ISBN: 9789888214501)
MISS:    [240/1/11] 暗殺教室 11 (ISBN: 9789888215300)
MISS:    [240/1/12] 暗殺教室 12 (ISBN: 9789888215461)
MISS:    [240/1/15] 暗殺教室 15 (ISBN: 9789888215836)
MISS:    [240/1/16] 暗殺教室 16 (ISBN: 9789888215973)
MISS:    [240/1/19] 暗殺教室 19 (ISBN: 9789888216543)
MISS:    [240/1/20] 暗殺教室 20 (ISBN: 9789888216819)
DL_FAIL: [241/1/3] One Piece 3
DL_FAIL: [241/1/4] One Piece 4
MISS:    [241/1/6] One Piece 6 (ISBN: 4893345008222)
DL_FAIL: [241/1/10] One Piece 10
MISS:    [241/1/13] One Piece 13 (ISBN: 4893345013097)
DL_FAIL: [241/1/21] One Piece 21
MISS:    [241/1/23] One Piece 23 (ISBN: 9789629985998)
MISS:    [241/1/24] One Piece 24 (ISBN: 9789629987541)
MISS:    [241/1/33] One Piece 33 (ISBN: 9789882071704)
DL_FAIL: [241/1/35] One Piece 35
DL_FAIL: [241/1/37] One Piece 37
DL_FAIL: [241/1/39] One Piece 39
MISS:    [241/1/42] One Piece 42 (ISBN: 9789882150768)
DL_FAIL: [241/1/44] One Piece 44
DL_FAIL: [241/1/45] One Piece 45
DL_FAIL: [241/1/46] One Piece 46
DL_FAIL: [241/1/48] One Piece 48
MISS:    [241/1/64] One Piece 64 (ISBN: 9789888098583)
Progress: 2800/4422 | Matched: 270 | Missed: 1168
MISS:    [242/1/1] 狐忍 （火影忍者）NARUTO 1 (ISBN: 9799626815150)
MISS:    [242/1/2] 狐忍 （火影忍者）NARUTO 2 (ISBN: 9799626815174)
MISS:    [242/1/3] 狐忍 （火影忍者）NARUTO 3 (ISBN: 9799626815310)
MISS:    [242/1/4] 狐忍 （火影忍者）NARUTO 4 (ISBN: 9799626815334)
MISS:    [242/1/5] 狐忍 （火影忍者）NARUTO 5 (ISBN: 9799626815372)
MISS:    [242/1/6] 狐忍 （火影忍者）NARUTO 6 (ISBN: 9789626815410)
MISS:    [242/1/7] 狐忍 （火影忍者）NARUTO 7 (ISBN: 9789626815557)
MISS:    [242/1/8] 狐忍 （火影忍者）NARUTO 8 (ISBN: 9789626815861)
MISS:    [242/1/9] 狐忍 （火影忍者）NARUTO 9 (ISBN: 9789626816172)
MISS:    [242/1/10] 狐忍 （火影忍者）NARUTO 10 (ISBN: 9789626816295)
MISS:    [242/1/11] 狐忍 （火影忍者）NARUTO 11 (ISBN: 9789626816585)
MISS:    [242/1/12] 狐忍 （火影忍者）NARUTO 12 (ISBN: 9789626816912)
MISS:    [242/1/13] 狐忍 （火影忍者）NARUTO 13 (ISBN: 9789626817155)
MISS:    [242/1/14] 狐忍 （火影忍者）NARUTO 14 (ISBN: 9789626817414)
MISS:    [242/1/15] 狐忍 （火影忍者）NARUTO 15 (ISBN: 9789626817568)
MISS:    [242/1/16] 狐忍 （火影忍者）NARUTO 16 (ISBN: 9789626817728)
MISS:    [242/1/17] 狐忍 （火影忍者）NARUTO 17 (ISBN: 9789626817964)
MISS:    [242/1/18] 狐忍 （火影忍者）NARUTO 18 (ISBN: 9789626818367)
MISS:    [242/1/19] 狐忍 （火影忍者）NARUTO 19 (ISBN: 9789626818749)
MISS:    [242/1/20] 狐忍 （火影忍者）NARUTO 20 (ISBN: 9789626818923)
MISS:    [242/1/21] 狐忍 （火影忍者）NARUTO 21 (ISBN: 9789626818930)
MISS:    [242/1/22] 狐忍 （火影忍者）NARUTO 22 (ISBN: 9789626818947)
MISS:    [242/1/23] 狐忍 （火影忍者）NARUTO 23 (ISBN: 9789626819494)
MISS:    [242/1/24] 狐忍 （火影忍者）NARUTO 24 (ISBN: 9789626819500)
MISS:    [242/1/25] 狐忍 （火影忍者）NARUTO 25 (ISBN: 9789626819517)
MISS:    [242/1/26] 狐忍 （火影忍者）NARUTO 26 (ISBN: 9789882100411)
MISS:    [242/1/27] 狐忍 （火影忍者）NARUTO 27 (ISBN: 9789882100428)
MISS:    [242/1/28] 狐忍 （火影忍者）NARUTO 28 (ISBN: 9789882100435)
MISS:    [242/1/29] 狐忍 （火影忍者）NARUTO 29 (ISBN: 9789882101920)
MISS:    [242/1/30] 狐忍 （火影忍者）NARUTO 30 (ISBN: 9789882101937)
MISS:    [242/1/31] 狐忍 （火影忍者）NARUTO 31 (ISBN: 9789882101944)
MISS:    [242/1/32] 狐忍 （火影忍者）NARUTO 32 (ISBN: 9789882101951)
MISS:    [242/1/33] 狐忍 （火影忍者）NARUTO 33 (ISBN: 9789882103559)
MISS:    [242/1/34] 狐忍 （火影忍者）NARUTO 34 (ISBN: 9789882103566)
MISS:    [242/1/35] 狐忍 （火影忍者）NARUTO 35 (ISBN: 9789882103573)
MISS:    [242/1/36] 狐忍 （火影忍者）NARUTO 36 (ISBN: 9789882103580)
MISS:    [242/1/37] 狐忍 （火影忍者）NARUTO 37 (ISBN: 9789882104761)
MISS:    [242/1/38] 狐忍 （火影忍者）NARUTO 38 (ISBN: 9789882104778)
MISS:    [242/1/39] 狐忍 （火影忍者）NARUTO 39 (ISBN: 9789882104785)
MISS:    [242/1/40] 狐忍 （火影忍者）NARUTO 40 (ISBN: 9789882104792)
MISS:    [242/1/41] 狐忍 （火影忍者）NARUTO 41 (ISBN: 9789882106192)
MISS:    [242/1/42] 狐忍 （火影忍者）NARUTO 42 (ISBN: 9789882106468)
MISS:    [242/1/43] 狐忍 （火影忍者）NARUTO 43 (ISBN: 9789882106895)
MISS:    [242/1/44] 狐忍 （火影忍者）NARUTO 44 (ISBN: 9789882107090)
Progress: 2850/4422 | Matched: 271 | Missed: 1212
MISS:    [242/1/45] 狐忍 （火影忍者）NARUTO 45 (ISBN: 9789882107342)
MISS:    [242/1/46] 狐忍 （火影忍者）NARUTO 46 (ISBN: 9789882107755)
MISS:    [242/1/47] 狐忍 （火影忍者）NARUTO 47 (ISBN: 9789882108158)
MISS:    [242/1/48] 狐忍 （火影忍者）NARUTO 48 (ISBN: 9789882108455)
MISS:    [242/1/49] 狐忍 （火影忍者）NARUTO 49 (ISBN: 9789882108738)
MISS:    [242/1/50] 狐忍 （火影忍者）NARUTO 50 (ISBN: 9789882109124)
MISS:    [242/1/51] 狐忍 （火影忍者）NARUTO 51 (ISBN: 9789882109575)
MISS:    [242/1/52] 狐忍 （火影忍者）NARUTO 52 (ISBN: 9789888068241)
MISS:    [242/1/53] 狐忍 （火影忍者）NARUTO 53 (ISBN: 9789888068814)
MISS:    [242/1/54] 狐忍 （火影忍者）NARUTO 54 (ISBN: 9789888069187)
MISS:    [242/1/55] 狐忍 （火影忍者）NARUTO 55 (ISBN: 9789888069774)
MISS:    [242/1/56] 狐忍 （火影忍者）NARUTO 56 (ISBN: 9789888070114)
MISS:    [242/1/57] 狐忍 （火影忍者）NARUTO 57 (ISBN: 9789888070398)
MISS:    [242/1/58] 狐忍 （火影忍者）NARUTO 58 (ISBN: 9789888070800)
MISS:    [242/1/59] 狐忍 （火影忍者）NARUTO 59 (ISBN: 9789888152131)
MISS:    [242/1/60] 狐忍 （火影忍者）NARUTO 60 (ISBN: 9789888152568)
MISS:    [242/1/61] 狐忍 （火影忍者）NARUTO 61 (ISBN: 9789888152988)
MISS:    [242/1/62] 狐忍 （火影忍者）NARUTO 62 (ISBN: 9789888153237)
MISS:    [242/1/63] 狐忍 （火影忍者）NARUTO 63 (ISBN: 9789888153510)
MISS:    [242/1/64] 狐忍 （火影忍者）NARUTO 64 (ISBN: 9789888153756)
MISS:    [242/1/65] 狐忍 （火影忍者）NARUTO 65 (ISBN: 9789888154159)
MISS:    [242/1/66] 狐忍 （火影忍者）NARUTO 66 (ISBN: 9789888154319)
MISS:    [242/1/67] 狐忍 （火影忍者）NARUTO 67 (ISBN: 9789888154562)
MISS:    [242/1/71] 狐忍 （火影忍者）NARUTO 71 (ISBN: 9789888296514)
MISS:    [242/1/72] 狐忍 （火影忍者）NARUTO 72 (ISBN: 9789888296613)
MISS:    [243/1/1] BASILISK～甲賀忍法帖～ 1 (ISBN: 9789861142517)
MISS:    [243/1/2] BASILISK～甲賀忍法帖～ 2 (ISBN: 9789861142524)
MISS:    [243/1/3] BASILISK～甲賀忍法帖～ 3 (ISBN: 9789861154282)
MISS:    [243/1/4] BASILISK～甲賀忍法帖～ 4 (ISBN: 9789861154299)
MISS:    [243/1/5] BASILISK～甲賀忍法帖～ 5 (ISBN: 9789861154305)
MISS:    [244/1/1] 百鬼小當家 1 (ISBN: 4891845049554)
MISS:    [244/1/3] 百鬼小當家 3 (ISBN: 4891845051670)
MISS:    [244/1/11] 百鬼小當家 11 (ISBN: 4891845053032)
MISS:    [246/1/5] 科學超電磁砲 5 (ISBN: 9789862379394)
MISS:    [246/1/6] 科學超電磁砲 6 (ISBN: 9789862873076)
MISS:    [247/1/1] 寄生蟲Reversi 1 (ISBN: 9789888584727)
MISS:    [247/1/2] 寄生蟲Reversi 2 (ISBN: 9789888584833)
MISS:    [247/1/3] 寄生蟲Reversi 3 (ISBN: 9789888671045)
MISS:    [247/1/4] 寄生蟲Reversi 4 (ISBN: 9789888671250)
MISS:    [247/1/5] 寄生蟲Reversi 5 (ISBN: 9789888671984)
MISS:    [249/1/1] 武守同學不只可愛而已 1 (ISBN: 9789572648094)
MISS:    [249/1/3] 武守同學不只可愛而已 3 (ISBN: 9789572648117)
MISS:    [250/1/5] 異種族風俗娘評鑑指南 5 (ISBN: 9789865249571)
MISS:    [252/1/1] 我們真的學不來！非日常的例題集 1 (ISBN: 9789572640739)
MISS:    [252/2/1] 我們真的學不來！未體驗的時間表 1 (ISBN: 9789572656341)
MISS:    [100/2/12] 關於我轉生變成史萊姆這檔事 12 (ISBN: 9789572637968)
MISS:    [100/2/16] 關於我轉生變成史萊姆這檔事 16 (ISBN: 9789572661284)
MISS:    [255/1/1] 會長是女僕大人！ 1 (ISBN: 9789882152007)
MISS:    [255/1/2] 會長是女僕大人！ 2 (ISBN: 9789882152786)
MISS:    [255/1/4] 會長是女僕大人！ 4 (ISBN: 9789882155664)
MISS:    [255/1/5] 會長是女僕大人！ 5 (ISBN: 9789882157279)
MISS:    [255/1/8] 會長是女僕大人！ 8 (ISBN: 9789888029945)
MISS:    [255/1/12] 會長是女僕大人！ 12 (ISBN: 9789888096558)
MISS:    [255/1/13] 會長是女僕大人！ 13 (ISBN: 9789888098217)
MISS:    [255/1/14] 會長是女僕大人！ 14 (ISBN: 9789888099252)
MISS:    [255/1/15] 會長是女僕大人！ 15 (ISBN: 9789888100033)
MISS:    [255/1/16] 會長是女僕大人！ 16 (ISBN: 9789888213238)
MISS:    [255/1/17] 會長是女僕大人！ 17 (ISBN: 9789888214129)
MISS:    [160/2/1] 茶煲情緣る 1 (ISBN: 4891845038053)
MISS:    [160/2/2] 茶煲情緣る 2 (ISBN: 4891845038862)
MISS:    [160/2/3] 茶煲情緣る 3 (ISBN: 4891845040186)
MISS:    [160/2/4] 茶煲情緣る 4 (ISBN: 4891845040377)
MISS:    [160/2/5] 茶煲情緣る 5 (ISBN: 4891845040582)
MISS:    [160/2/6] 茶煲情緣る 6 (ISBN: 4891845040902)
MISS:    [160/2/7] 茶煲情緣る 7 (ISBN: 4891845041510)
MISS:    [160/2/8] 茶煲情緣る 8 (ISBN: 4891845041992)
MISS:    [160/2/9] 茶煲情緣る 9 (ISBN: 4891845042203)
MISS:    [160/2/10] 茶煲情緣る 10 (ISBN: 4891845043019)
MISS:    [160/2/11] 茶煲情緣る 11 (ISBN: 4891845043620)
MISS:    [160/2/12] 茶煲情緣る 12 (ISBN: 4891845044276)
MISS:    [160/2/13] 茶煲情緣る 13 (ISBN: 4891845044818)
MISS:    [160/2/14] 茶煲情緣る 14 (ISBN: 4891845045112)
Progress: 3000/4422 | Matched: 279 | Missed: 1284
MISS:    [160/2/15] 茶煲情緣る 15 (ISBN: 4891845045488)
MISS:    [160/2/16] 茶煲情緣る 16 (ISBN: 4891845048953)
MISS:    [160/2/17] 茶煲情緣る 17 (ISBN: 4891845049738)
MISS:    [160/2/18] 茶煲情緣る 18 (ISBN: 4891845050406)
MISS:    [160/3/1] 茶煲情緣るDarkness 1 (ISBN: 4891845055623)
MISS:    [160/3/2] 茶煲情緣るDarkness 2 (ISBN: 4891845055708)
MISS:    [160/3/3] 茶煲情緣るDarkness 3 (ISBN: 4891845055852)
MISS:    [160/3/4] 茶煲情緣るDarkness 4 (ISBN: 4891845056200)
MISS:    [160/3/5] 茶煲情緣るDarkness 5 (ISBN: 4891845056736)
MISS:    [160/3/6] 茶煲情緣るDarkness 6 (ISBN: 4891845057214)
MISS:    [160/3/7] 茶煲情緣るDarkness 7 (ISBN: 4891845057580)
MISS:    [160/3/8] 茶煲情緣るDarkness 8 (ISBN: 4891845058242)
MISS:    [160/3/9] 茶煲情緣るDarkness 9 (ISBN: 4891845058853)
MISS:    [260/1/7] 東京闇鴉 7 (ISBN: 9789863259671)
MISS:    [262/1/1] 零之使魔 1 (ISBN: 4717702212278)
MISS:    [263/1/1] 噬血狂襲 1 (ISBN: 9789863253105)
DL_FAIL: [267/1/1] 幽遊白書 1
DL_FAIL: [267/1/2] 幽遊白書 2
MISS:    [267/1/3] 幽遊白書 3 (ISBN: 962572110X)
MISS:    [267/1/4] 幽遊白書 4 (ISBN: 9625721118)
DL_FAIL: [267/1/6] 幽遊白書 6
DL_FAIL: [267/1/7] 幽遊白書 7
MISS:    [267/1/8] 幽遊白書 8 (ISBN: 9625858237)
DL_FAIL: [267/1/10] 幽遊白書 10
MISS:    [267/1/11] 幽遊白書 11 (ISBN: 9625721185)
Progress: 3100/4422 | Matched: 284 | Missed: 1309
MISS:    [267/1/12] 幽遊白書 12 (ISBN: 9625721193)
DL_FAIL: [267/1/14] 幽遊白書 14
MISS:    [267/1/15] 幽遊白書 15 (ISBN: 9625721223)
MISS:    [267/1/17] 幽遊白書 17 (ISBN: 9625722491)
MISS:    [267/1/18] 幽遊白書 18 (ISBN: 9625722505)
MISS:    [267/1/19] 幽遊白書 19 (ISBN: 9625722513)
MISS:    [266/1/1] DEATH NOTE 1 (ISBN: 4891845030279)
MISS:    [266/1/3] DEATH NOTE 3 (ISBN: 4891845031320)
MISS:    [266/1/8] DEATH NOTE 8 (ISBN: 4891845033850)
MISS:    [266/1/9] DEATH NOTE 9 (ISBN: 4891845034567)
MISS:    [268/1/1] 浪客劍心 1 (ISBN: 4891845005819)
MISS:    [268/1/3] 浪客劍心 3 (ISBN: 4891845008827)
MISS:    [268/1/4] 浪客劍心 4 (ISBN: 4891845009350)
MISS:    [268/1/11] 浪客劍心 11 (ISBN: 4891845012640)
MISS:    [268/1/13] 浪客劍心 13 (ISBN: 4891845014163)
MISS:    [268/1/14] 浪客劍心 14 (ISBN: 4891845014866)
MISS:    [268/1/15] 浪客劍心 15 (ISBN: 4891845015399)
MISS:    [268/1/16] 浪客劍心 16 (ISBN: 4891845015894)
MISS:    [268/1/17] 浪客劍心 17 (ISBN: 4891845016051)
MISS:    [268/1/18] 浪客劍心 18 (ISBN: 4891845016297)
MISS:    [268/1/19] 浪客劍心 19 (ISBN: 4891845016518)
MISS:    [268/1/21] 浪客劍心 21 (ISBN: 4891845016914)
MISS:    [268/1/22] 浪客劍心 22 (ISBN: 4891845017119)
MISS:    [268/1/23] 浪客劍心 23 (ISBN: 4891845501724)
MISS:    [268/1/24] 浪客劍心 24 (ISBN: 4891845017331)
MISS:    [268/1/25] 浪客劍心 25 (ISBN: 4891845018017)
MISS:    [268/1/26] 浪客劍心 26 (ISBN: 4891845018185)
MISS:    [268/1/27] 浪客劍心 27 (ISBN: 4891845018345)
