Series: 488, already tagged: 0
MISS: [334_1] 學生會的一存 (10mo)
MISS: [69_1] xxxHOLiC (CLAMP)
Progress: 10/488 | Matched: 8 | Missed: 2
MISS: [363_1] L change the WorLd (M)
MISS: [193_1] Fate/stay night comic battle (TYPE-MOON)
MISS: [193_2] Fate/Grand Order漫畫精選集 (TYPE-MOON)
MISS: [193_3] Fate/Grand Order短篇漫畫集 (TYPE-MOON)
MISS: [193_4] Fate/Prototype Tribute Phantasm (TYPE-MOON)
MISS: [22_1] 初音未來的消失  小說版 (cosMo@暴走P)
Progress: 20/488 | Matched: 12 | Missed: 8
MISS: [386_1] 敗北女角太多了！@comic (いたち)
MISS: [11_1] LoveLive! Sunshine!! (おだまさる)
MISS: [381_1] 小初音未來的日常 (おんたま)
MISS: [50_1] K-ON！輕音部！High School (かきふらい)
MISS: [50_2] K-ON！輕音部！Shuffle (かきふらい)
MISS: [50_3] K-ON! 輕音部 (かきふらい)
MISS: [201_1] 銀河天使 (かなん)
Progress: 30/488 | Matched: 15 | Missed: 15
MISS: [201_2] 銀河天使2nd (かなん)
MISS: [202_1] 棺材，旅人，怪蝙蝠 (きゆづきちとこ)
MISS: [59_2] 刮掉鬍子的我與撿到的女高中生 Each Stories (しめさば)
MISS: [380_1] KAGEROU DAZE in a daze 陽炎眩亂 (じん（自然の敵P）)
MISS: [56_1] 百花繚亂 (すずきあきら)
MISS: [143_1] 校園烏托邦 學美向前衝！ (たあたんちぇっく)
Progress: 40/488 | Matched: 19 | Missed: 21
MISS: [234_1] Fate/EXTRA CCC FoxTail (たけのこ星人)
MISS: [169_1] 布穀鳥的夢 (ためこう)
MISS: [252_1] 我們真的學不來！非日常的例題集 (はむばね)
MISS: [252_2] 我們真的學不來！未體驗的時間表 (はむばね)
MISS: [132_2] Fate/kaleid liner 魔法少女☆伊莉雅 (ひろやまひろし)
MISS: [132_3] Fate/kaleid liner 魔法少女☆伊莉雅 2wei! (ひろやまひろし)
MISS: [132_1] Fate/kaleid liner 魔法少女☆伊莉雅 3rei!! (ひろやまひろし)
Progress: 50/488 | Matched: 22 | Missed: 28
MISS: [333_1] 田中君總是如此慵懶 (ウダノゾミ)
MISS: [347_1] 櫻之詩 -The tear flows because of tenderness.- (オダワラハコネ)
MISS: [245_2] 柑橘味香氣PLUS~ (サブロウタ)
Progress: 60/488 | Matched: 29 | Missed: 31
MISS: [330_1] 逝者 x 詩歌 (サマミヤアカザ)
MISS: [130_1] Fate/stay night [Heaven's Feel] (タスクオーナ)
MISS: [12_1] Re:從零開始的異世界生活  第一章 王都的一日篇 (マツセタイチ)
MISS: [12_2] Re:從零開始的異世界生活  第二章 宅邸的一週篇 (マツセタイチ)
MISS: [12_3] Re:從零開始的異世界生活  第三章 Truth of Zero (マツセタイチ)
Progress: 70/488 | Matched: 34 | Missed: 36
MISS: [23_1] 魔法使的新娘 (ヤマザキコレ)
MISS: [205_1] 日本沈沒 (一色登希彥)
MISS: [91_1] 明天，我要和昨天的妳約會 (七月隆文)
MISS: [93_1] 學戰都市 Asterisk (三屋咲悠)
MISS: [93_2] 學戰都市 Asterisk 外傳 葵恩薔兒之翼 (三屋咲悠)
MISS: [90_1] 東大特訓班 (三田紀房)
Progress: 80/488 | Matched: 38 | Missed: 42
MISS: [263_1] 噬血狂襲 (三雲岳斗)
MISS: [301_1] 聖誕之吻 (上乃龍也)
MISS: [110_1] 調教咖啡廳 (中山幸)
Progress: 90/488 | Matched: 45 | Missed: 45
MISS: [96_2] 不起眼女主角培育法 Memorial (丸戶史明)
MISS: [172_1] BLEACH 漂靈 （死神） (久保帶人)
Progress: 100/488 | Matched: 53 | Missed: 47
MISS: [236_1] 男兒當入樽 （灌籃高手）SLAM DUNK (井上雄彦)
MISS: [76_2] 終將成為妳 關於佐伯沙彌香 (人間人間)
MISS: [3_1] 終將成為妳 (仲谷鳰)
MISS: [85_1] 情色漫畫老師 eromanga sensei (伏見つかさ)
MISS: [85_2] 我的妹妹哪裏有這麽可愛？ (伏見つかさ)
Progress: 110/488 | Matched: 58 | Missed: 52
MISS: [115_1] 食戟之靈 (佐伯俊)
MISS: [185_3] 今田一少年之事件簿 20週年紀念系列 (佐藤文也)
MISS: [185_1] 金田一少年之事件薄R (佐藤文也)
MISS: [185_2] 金田一37歲之事件薄 (佐藤文也)
Progress: 120/488 | Matched: 64 | Missed: 56
MISS: [190_1] .hack//黃昏的腕輪傳說 (依澄れい)
MISS: [190_2] 小小魔法使響 (依澄れい)
MISS: [267_1] 幽遊白書 (冨樫義博)
MISS: [267_2] HUNTERxHUNTER (冨樫義博)
MISS: [246_1] 科學超電磁砲 (冬川基)
MISS: [310_1] 動物小町 (前川涼)
Progress: 130/488 | Matched: 68 | Missed: 62
MISS: [353_1] 漫研。 (加瀨大輝)
MISS: [238_1] 城市獵人 (北条司)
MISS: [131_1] 魔王之類的啦！ (原田源五郎)
Progress: 140/488 | Matched: 75 | Missed: 65
MISS: [378_1] 東京卍復仇者 (和久井健)
MISS: [268_1] 浪客劍心 (和月伸宏)
Progress: 150/488 | Matched: 83 | Missed: 67
MISS: [84_1] 我的英雄學院 雄英白書 (堀越耕平)
MISS: [370_1] 機動戰士鋼彈0083 REBELLION (夏元雅人)
Progress: 160/488 | Matched: 91 | Missed: 69
MISS: [140_1] 炎炎消防隊 (大久保篤)
MISS: [48_4] 果然沒錯☆俗語新解鋼彈桑 (大和田秀樹)
MISS: [48_3] 小泉麻雀傳説 (大和田秀樹)
MISS: [36_1] K -Lost Small World (大喜多夜)
Progress: 170/488 | Matched: 97 | Missed: 73
MISS: [149_1] 金田一少年之事件薄 (天樹征丸)
MISS: [289_1] 家庭教師　REBORN! (天野明)
MISS: [289_2] 家庭教師　REBORN! 愛藏版 (天野明)
MISS: [247_1] 寄生蟲Reversi (太田モアレ)
Progress: 180/488 | Matched: 103 | Missed: 77
Progress: 190/488 | Matched: 113 | Missed: 77
MISS: [162_1] 爆漫。 (小畑健)
MISS: [75_1] 電擊的皮卡丘 (小野敏洋)
MISS: [241_1] One Piece (尾田栄一郎)
MISS: [241_2] WANTED! 尾田榮一郎短篇集 (尾田栄一郎)
Progress: 200/488 | Matched: 119 | Missed: 81
MISS: [142_1] 寵物小精靈特別篇 (山本智)
MISS: [147_1] 逃離伊甸園 (山田恵庸)
MISS: [287_1] 聖鬥士星矢 EPISODE. G (岡田芽武)
MISS: [242_2] NARUTO火影忍者 鼬真傳[暗夜篇] (岸本斉史)
Progress: 210/488 | Matched: 125 | Missed: 85
MISS: [242_3] NARUTO火影忍者 鼬真傳[光明篇] (岸本斉史)
MISS: [74_1] 刀劍神域 (川原礫)
MISS: [74_2] 刀劍神域 progressive (川原礫)
MISS: [16_1] 推理要在晚餐後 (川瀨淩)
Progress: 220/488 | Matched: 131 | Missed: 89
MISS: [195_1] KARIN增血鬼 (影崎由那)
MISS: [375_1] 聖鬥士星矢：冥王神話 (手代木史織)
MISS: [326_1] 義呆利 (日丸屋秀和)
MISS: [204_1] 完美小姐進化論 (早川智子)
Progress: 230/488 | Matched: 137 | Missed: 93
MISS: [71_1] 月見月理解的偵探殺人 (明月千里)
MISS: [336_1] 軍武宅轉生魔法世界，靠現代武器開軍隊後宮！？ (明鏡シスイ)
MISS: [42_1] 目標是與美少女作家一起打造百萬暢銷書！！ (春日部タケル)
MISS: [335_1] 文豪Stray Dogs (春河35)
MISS: [251_1] 刀劍神域外傳 Gun Gale Online (時雨澤惠一)
MISS: [251_2] 奇諾之旅 -the Beautiful World- (時雨澤惠一)
Progress: 240/488 | Matched: 141 | Missed: 99
MISS: [5_1] 為美好的世界獻上祝福！ (曉なつめ)
MISS: [60_1] 潘朵拉之心 (望月淳)
MISS: [122_1] 這樣算是殭屍嗎？ (木村心一)
MISS: [302_1] 我們的重製人生 (木緒なち)
MISS: [41_1] 空色感染爆發 (本田誠)
Progress: 250/488 | Matched: 146 | Missed: 104
MISS: [379_1] 新世界福音戰士 鋼鐵的Girl Friend 2nd (林ふみの)
MISS: [123_1] 末日時在做什麼？有沒有空？可以來拯救嗎？ (枯野瑛)
MISS: [32_1] 對魔導學園35試驗小隊 (柳實冬貴)
Progress: 260/488 | Matched: 153 | Missed: 107
MISS: [64_1] 初綻之戀 (桐島ヨウ)
MISS: [27_1] 我讓最想被擁抱的男人給威脅了 (桜日梯子)
MISS: [211_1] 死神與巧克力百匯 (森崎くるみ)
Progress: 270/488 | Matched: 160 | Missed: 110
MISS: [244_1] 百鬼小當家 (椎橋寬)
MISS: [194_1] WHISTLE! (樋口大輔)
Progress: 280/488 | Matched: 168 | Missed: 112
MISS: [103_1] 記錄的地平線 (橙乃 ままれ)
MISS: [293_1] 通靈王 (武井宏之)
MISS: [228_2] 水手戰士V (武內直子)
MISS: [112_1] 吹響吧！上低音號 (武田綾乃)
Progress: 290/488 | Matched: 174 | Missed: 116
MISS: [221_1] 少年偵探 ～推理之絆～ (水野英多)
MISS: [31_1] 鈴木同學，我愛你！ (池山田剛)
MISS: [186_2] 十字架與吸血鬼seasonII (池田晃久)
MISS: [312_3] MONSTER (浦沢直樹)
Progress: 300/488 | Matched: 180 | Missed: 120
MISS: [256_2] 進擊的巨人Before the fall (涼風涼)
MISS: [55_1] 果然我的青春戀愛喜劇搞錯了 (渡航)
MISS: [213_1] 電車男 - 不過，我出發了。 (渡辺航)
MISS: [141_1] 湯尼嶽崎的鋼彈漫畫 (湯尼嶽崎)
MISS: [222_1] 食靈 (瀨川はじめ)
Progress: 310/488 | Matched: 185 | Missed: 125
MISS: [66_1] 獻給某飛行員的戀歌 (犬村小六)
MISS: [35_1] 貓與魔法的解咒之吻 (玉川しぇんな)
MISS: [104_1] 以一年一萬元的價格，賣掉我剩餘的壽命。 (田口囁一)
Progress: 320/488 | Matched: 192 | Missed: 128
MISS: [209_1] 爆笑管家工作日誌 (畑健二郎)
MISS: [116_2] 平凡職業造就世界最強 短篇集 (白米良)
Progress: 330/488 | Matched: 200 | Missed: 130
MISS: [219_1] 聖石小子普魯的奇妙日記 (真島浩)
MISS: [219_3] 獸魂 (真島浩)
MISS: [219_2] 聖石小子 (真島浩)
MISS: [249_1] 武守同學不只可愛而已 (真木蛍五)
MISS: [160_1] 黑色野貓 BLACK CAT (矢吹健太郎)
Progress: 340/488 | Matched: 205 | Missed: 135
MISS: [294_4] 鬼滅之刃 無限列車篇 (矢島綾)
MISS: [294_1] 鬼滅之刃 風之道標 (矢島綾)
MISS: [294_2] 鬼滅之刃 幸福之花 (矢島綾)
MISS: [294_3] 鬼滅之刃 單翅之蝶 (矢島綾)
Progress: 350/488 | Matched: 211 | Missed: 139
MISS: [229_1] 賭博默示錄 (福本伸行)
MISS: [229_2] 賭博破戒錄 (福本伸行)
MISS: [229_3] 賭博墮天錄 (福本伸行)
MISS: [121_1] 魔王學院的不適任者～史上最強的魔王始祖，轉生就讀子孫們的學校～ (秋)
MISS: [369_1] I.O.N — 依音 (種村有菜)
MISS: [105_1] 偶像大師 百萬人演唱會! Blooming Clover (稻山覺也)
Progress: 360/488 | Matched: 215 | Missed: 145
MISS: [257_1] 問題兒童都來自異世界？ (竜ノ湖太郎)
MISS: [315_1] TIGER×DRAGON！(TORADORA!) (竹宮ゆゆこ)
MISS: [315_2] TIGER×DRAGON！(TORADORA!) SPINOFF (竹宮ゆゆこ)
Progress: 370/488 | Matched: 222 | Missed: 148
MISS: [317_1] TIGER×DRAGON！(TORADORA!) (絕叫)
MISS: [146_1] 妖怪連絡簿（夏目友人帳） (綠洲幸)
MISS: [70_1] 11eyes -罪與罰與贖的少女- (綾野なおと)
MISS: [279_1] 回復術士的重啟人生 (羽賀ソウケソ)
Progress: 380/488 | Matched: 228 | Missed: 152
MISS: [285_1] 蠟筆小新 (臼井儀人)
MISS: [175_1] 華麗咖喱食桌 (船津一輝)
MISS: [198_1] Rec (花見澤Q太郎)
MISS: [316_1] 人家一點都不喜歡啦！ (草野 紅壱)
Progress: 390/488 | Matched: 234 | Missed: 156
MISS: [282_1] 鋼之煉金術師 (荒川弘)
MISS: [283_3] JOJO奇妙冒險Part 6 STONE OCEAN (荒木飛呂彥)
MISS: [174_1] 粉紅系男孩 (菅野文)
MISS: [208_1] 只要妳說妳愛我 (葉月鼎)
MISS: [298_1] 櫻蘭高校男公關部 (葉鳥螺子)
MISS: [126_1] GAMERS 電玩咖！ (葵せきな)
Progress: 400/488 | Matched: 238 | Missed: 162
MISS: [51_1] 蘿球社！ (蒼山サグ)
MISS: [206_1] LOVE STAGE!! (藏王大志)
MISS: [297_1] 多啦A夢大長篇 (藤子·F·不二雄)
MISS: [365_1] WILD LIFE (藤崎聖人)
Progress: 410/488 | Matched: 244 | Missed: 166
MISS: [269_1] 麻辣教師GTO (藤沢亨)
MISS: [269_2] 麻辣教師GTO 湘南14日 (藤沢亨)
MISS: [309_1] 我為兄狂！ (藪內優)
MISS: [113_1] Fate/Grand Order -Epic of Remnant- (西出ケンゴロー)
MISS: [176_2] 戲言系列 (西尾維新)
Progress: 420/488 | Matched: 249 | Missed: 171
MISS: [239_1] Fate/stay night (西脇だっと)
MISS: [304_1] 新世紀福音戰士 (貞本義行)
MISS: [46_1] 驚爆危機 (賀東招二)
Progress: 430/488 | Matched: 256 | Missed: 174
MISS: [163_1] 純情房東俏房客 (赤松健)
MISS: [284_1] 聖鬥士星矢 (車田正美)
MISS: [284_2] 聖鬥士星矢 文庫版 (車田正美)
MISS: [337_1] SPY x FAMILY (遠藤達哉)
MISS: [167_2] 頭文字D 外傳 (重野秀一)
Progress: 440/488 | Matched: 261 | Missed: 179
MISS: [128_1] 光在地球之時 (野村美月)
MISS: [128_5] 文學少女 見習生篇 (野村美月)
MISS: [128_3] 文學少女愛戀插話集 (野村美月)
MISS: [128_4] 青澀作家和文學少女編輯 (野村美月)
MISS: [72_1] 見習元氣女神 (鈴木 Julietta)
MISS: [357_1] 寒蟬鳴泣之時 崇殺篇 (鈴木次郎)
Progress: 450/488 | Matched: 265 | Missed: 185
MISS: [373_1] 花與星 (鈴菌力リオ)
MISS: [278_1] Re: 從零開始的異世界生活 (長月達平)
MISS: [129_1] 傳說的勇者的傳說 (長藏ヒロコ)
Progress: 460/488 | Matched: 272 | Missed: 188
MISS: [270_2] 名偵探柯南 特別篇 (青山剛昌)
MISS: [135_1] 轉生成蜘蛛又怎樣！ (馬場翁)
MISS: [281_3] 圍裙與加瀨同學 (高嶋ひろみ)
MISS: [281_4] 櫻花與加瀨同學 (高嶋ひろみ)
Progress: 470/488 | Matched: 278 | Missed: 192
MISS: [138_2] 灼眼的夏娜 0 Zero (高橋爾七郎)
MISS: [138_4] 灼眼的夏娜 炎之設定集 (高橋爾七郎)
MISS: [177_2] 足球小將 海外激鬥篇 EN LA LIGA (高橋陽一)
MISS: [177_3] 足球小將 海外激鬥篇 IN CALICO (高橋陽一)
MISS: [144_1] 與你耽溺愛河 (高永ひなこ)
MISS: [344_1] WORKING!!迷糊餐廳 (高津カリノ)
Progress: 480/488 | Matched: 282 | Missed: 198
MISS: [286_1] 機動戰士鋼彈SEED DESTINY ASTRAY (鴇田洸一)
MISS: [389_1] 轉生公主與天才千金的魔法革命 (鴉ぴえろ)
MISS: [89_2] 青春豬頭少年系列 (鴨志田一)

Done! Matched: 287, Missed: 201

Tag distribution:
  未知: 201
  恋爱: 107
  轻小说: 102
  奇幻: 98
  校园: 97
  热血: 96
  喜剧: 87
  日常: 53
  治愈: 43
  后宫: 43
  百合: 32
  悬疑: 29
  科幻: 25
  推理: 17
  冒险: 14
  耽美: 12
  音乐: 10
  运动: 7
  恐怖: 6
  战争: 5

Sample tagged series:
  為了女兒，我說不定連魔王都能幹掉。 1: 奇幻, 喜剧, 轻小说, 恋爱
  CARDCAPTOR櫻 1: 治愈, 恋爱, 奇幻, 百合, 校园
  魔法騎士 1: 奇幻
  魔法騎士2 1: 奇幻
  幼女戰記 1: 轻小说, 战争, 奇幻, 热血
  魔力女管家 1: 奇幻, 轻小说, 恋爱
  堀與宮村 1: 恋爱, 校园, 治愈, 喜剧, 日常
  請問您今天要來點兔子嗎？ 1: 百合, 日常, 喜剧, 治愈
