Series: 488, Unknown: 201
MISS:  [69_1] "xxxHOLiC"
MISS:  [193_2] "Fate/Grand Order漫畫精選集"
MATCH: [193_4] "Fate/Prototype Tribute Phantasm" -> "剧场版 Fate/stay night Heaven's Feel" | 热血
MISS:  [202_1] "棺材，旅人，怪蝙蝠"
MISS:  [380_1] "KAGEROU DAZE in a daze 陽炎眩亂"
MISS:  [169_1] "布穀鳥的夢"
MATCH: [252_2] "我們真的學不來！未體驗的時間表" -> "我们真的学不来" | 校园
MISS:  [132_2] "Fate/kaleid liner 魔法少女☆伊莉雅"
MISS:  [132_3] "Fate/kaleid liner 魔法少女☆伊莉雅 2wei!"
MISS:  [132_1] "Fate/kaleid liner 魔法少女☆伊莉雅 3rei!!"
MATCH: [347_1] "櫻之詩 -The tear flows because of tenderness.-" -> "樱之诗" | 恋爱
MISS:  [245_2] "柑橘味香氣PLUS~"
MISS:  [12_1] "Re:從零開始的異世界生活  第一章 王都的一日篇"
MISS:  [12_2] "Re:從零開始的異世界生活  第二章 宅邸的一週篇"
MISS:  [12_3] "Re:從零開始的異世界生活  第三章 Truth of Zero"
MISS:  [205_1] "日本沈沒"
MISS:  [91_1] "明天，我要和昨天的妳約會"
MATCH: [93_2] "學戰都市 Asterisk 外傳 葵恩薔兒之翼" -> "学战都市Asterisk" | 校园, 后宫
MISS:  [90_1] "東大特訓班"
MISS:  [236_1] "男兒當入樽 （灌籃高手）SLAM DUNK"
MISS:  [85_2] "我的妹妹哪裏有這麽可愛？"
MISS:  [115_1] "食戟之靈"
MISS:  [267_2] "HUNTERxHUNTER"
Progress: 60/201 | Matched: 41 | Missed: 19
MISS:  [310_1] "動物小町"
MISS:  [48_4] "果然沒錯☆俗語新解鋼彈桑"
MISS:  [48_3] "小泉麻雀傳説"
MATCH: [247_1] "寄生蟲Reversi" -> "工作细胞" | 热血, 日常
MISS:  [162_1] "爆漫。"
MISS:  [75_1] "電擊的皮卡丘"
MISS:  [241_2] "WANTED! 尾田榮一郎短篇集"
MISS:  [147_1] "逃離伊甸園"
MISS:  [16_1] "推理要在晚餐後"
MISS:  [195_1] "KARIN增血鬼"
MISS:  [326_1] "義呆利"
MATCH: [204_1] "完美小姐進化論" -> "我的推是坏人大小姐。" | 百合, 校园
MATCH: [251_2] "奇諾之旅 -the Beautiful World-" -> "月光下的异世界之旅" | 奇幻
MATCH: [60_1] "潘朵拉之心" -> "潘朵拉之心" | 奇幻
MATCH: [122_1] "這樣算是殭屍嗎？" -> "这个是僵尸吗？" | 校园, 奇幻, 恋爱
MATCH: [302_1] "我們的重製人生" -> "回复术士的重启人生" | 奇幻, 后宫
MISS:  [41_1] "空色感染爆發"
MATCH: [379_1] "新世界福音戰士 鋼鐵的Girl Friend 2nd" -> "我的朋友很少" | 校园, 恋爱
MATCH: [123_1] "末日時在做什麼？有沒有空？可以來拯救嗎？" -> "末日时在做什么？有没有空？可以来拯救吗？" | 奇幻, 战争
MATCH: [32_1] "對魔導學園35試驗小隊" -> "对魔导学园35试验小队" | 奇幻, 校园
MISS:  [64_1] "初綻之戀"
MATCH: [27_1] "我讓最想被擁抱的男人給威脅了" -> "我让最想被拥抱的男人给威胁了" | 耽美, 音乐
MATCH: [211_1] "死神與巧克力百匯" -> "死神少爷与黑女仆" | 日常
MATCH: [244_1] "百鬼小當家" -> "百鬼幼儿园" | 日常
MISS:  [194_1] "WHISTLE!"
MATCH: [103_1] "記錄的地平線" -> "记录的地平线" | 冒险
MISS:  [293_1] "通靈王"
MATCH: [228_2] "水手戰士V" -> "美少女战士" | 奇幻
MATCH: [112_1] "吹響吧！上低音號" -> "吹响！上低音号" | 音乐, 校园
MATCH: [221_1] "少年偵探 ～推理之絆～" -> "名侦探柯南 贝克街的亡灵" | 奇幻
MATCH: [31_1] "鈴木同學，我愛你！" -> "不要欺负我，长瀞同学" | 校园
MATCH: [186_2] "十字架與吸血鬼seasonII" -> "吸血姬美夕OVA" | 恐怖, 奇幻
MISS:  [312_3] "MONSTER"
Progress: 120/201 | Matched: 86 | Missed: 34
MATCH: [256_2] "進擊的巨人Before the fall" -> "黑岩射手(作品)" | 热血
MATCH: [55_1] "果然我的青春戀愛喜劇搞錯了" -> "我的青春恋爱物语果然有问题" | 校园
MATCH: [213_1] "電車男 - 不過，我出發了。" -> "Room No.9" | 耽美
MATCH: [141_1] "湯尼嶽崎的鋼彈漫畫" -> "机动战士高达0079" | 机战, 科幻, 战争
MISS:  [222_1] "食靈"
MATCH: [66_1] "獻給某飛行員的戀歌" -> "献给某飞行员的恋歌" | 恋爱
MATCH: [35_1] "貓與魔法的解咒之吻" -> "魔法禁书目录" | 校园
MISS:  [104_1] "以一年一萬元的價格，賣掉我剩餘的壽命。"
MATCH: [209_1] "爆笑管家工作日誌" -> "旋风管家！" | 喜剧, 后宫
MATCH: [116_2] "平凡職業造就世界最強 短篇集" -> "平凡职业造就世界最强" | 奇幻, 后宫
MATCH: [219_1] "聖石小子普魯的奇妙日記" -> "JOJO的奇妙冒险/动画" | 冒险
MATCH: [219_3] "獸魂" -> "银魂" | 喜剧, 科幻
MATCH: [219_2] "聖石小子" -> "圣石小子" | 奇幻, 热血
MATCH: [249_1] "武守同學不只可愛而已" -> "我的青春恋爱物语果然有问题" | 校园
MATCH: [160_1] "黑色野貓 BLACK CAT" -> "刀剑神域外传 暴风之铳" | 科幻, 奇幻, 热血
MATCH: [294_4] "鬼滅之刃 無限列車篇" -> "剧场版 鬼灭之刃 无限列车篇" | 奇幻
MATCH: [294_1] "鬼滅之刃 風之道標" -> "鬼灭之刃" | 奇幻, 热血
MATCH: [294_2] "鬼滅之刃 幸福之花" -> "鬼灭之刃" | 奇幻, 热血
MATCH: [294_3] "鬼滅之刃 單翅之蝶" -> "鬼灭之刃" | 奇幻, 热血
MISS:  [229_1] "賭博默示錄"
Progress: 140/201 | Matched: 103 | Missed: 37
MISS:  [229_2] "賭博破戒錄"
MISS:  [229_3] "賭博墮天錄"
MATCH: [121_1] "魔王學院的不適任者～史上最強的魔王始祖，轉生就讀子孫們的學校～" -> "最后大魔王" | 校园, 后宫
MATCH: [369_1] "I.O.N — 依音" -> "SCHOOLGIRL STRIKERS" | 校园, 热血
MATCH: [105_1] "偶像大師 百萬人演唱會! Blooming Clover" -> "偶像大师 百万现场" | 音乐
MATCH: [257_1] "問題兒童都來自異世界？" -> "问题儿童都来自异世界？" | 喜剧
MATCH: [315_1] "TIGER×DRAGON！" -> "龙与虎" | 校园, 恋爱
MISS:  [315_2] "TIGER×DRAGON！(TORADORA!) SPINOFF"
MATCH: [317_1] "TIGER×DRAGON！" -> "龙与虎" | 校园, 恋爱
MISS:  [146_1] "妖怪連絡簿（夏目友人帳）"
MATCH: [70_1] "11eyes -罪與罰與贖的少女-" -> "11eyes-罪与罚与救赎之少女-" | 恋爱, 校园
MATCH: [279_1] "回復術士的重啟人生" -> "回复术士的重启人生" | 奇幻, 后宫
MATCH: [285_1] "蠟筆小新" -> "蜡笔小新" | 日常, 喜剧
MISS:  [175_1] "華麗咖喱食桌"
MISS:  [198_1] "Rec"
MISS:  [316_1] "人家一點都不喜歡啦！"
MATCH: [282_1] "鋼之煉金術師" -> "钢之炼金术师" | 战争, 热血
MATCH: [283_3] "JOJO奇妙冒險Part 6 STONE OCEAN" -> "JOJO的奇妙冒险" | 热血, 格斗, 冒险
MISS:  [174_1] "粉紅系男孩"
MISS:  [208_1] "只要妳說妳愛我"
Progress: 160/201 | Matched: 114 | Missed: 46
MATCH: [298_1] "櫻蘭高校男公關部" -> "樱兰高校男公关部" | 校园
MATCH: [126_1] "GAMERS 電玩咖！" -> "Gamers!" | 奇幻
MATCH: [51_1] "蘿球社！" -> "萝球社！" | 校园, 喜剧
MATCH: [206_1] "LOVE STAGE!!" -> "Re:Stage!" | 音乐, 校园
MATCH: [297_1] "多啦A夢大長篇" -> "哆啦A梦 大雄与铁人兵团" | 冒险
MATCH: [365_1] "WILD LIFE" -> "偶像大师 灰姑娘女孩 WILD WIND GIRL" | 音乐
MATCH: [269_1] "麻辣教師GTO" -> "麻辣教师GTO" | 校园
MATCH: [269_2] "麻辣教師GTO 湘南14日" -> "麻辣教师GTO" | 校园
MATCH: [309_1] "我為兄狂！" -> "暴食狂战士～唯有我突破了所谓「等级」的概念～" | 奇幻
MISS:  [113_1] "Fate/Grand Order -Epic of Remnant-"
MATCH: [176_2] "戲言系列" -> "戏言系列" | 冒险
MATCH: [239_1] "Fate/stay night" -> "Fate/stay night" | 热血
MATCH: [304_1] "新世紀福音戰士" -> "新世纪福音战士" | 机战
MATCH: [46_1] "驚爆危機" -> "全金属狂潮" | 恋爱, 校园, 机战
MATCH: [163_1] "純情房東俏房客" -> "纯情房东俏房客" | 后宫
MATCH: [284_1] "聖鬥士星矢" -> "圣斗士星矢 圣斗少女翔" | 格斗
MATCH: [284_2] "聖鬥士星矢 文庫版" -> "圣斗士星矢" | 格斗, 战争
MATCH: [337_1] "SPY x FAMILY" -> "间谍过家家" | 喜剧
MISS:  [167_2] "頭文字D 外傳"
MATCH: [128_1] "光在地球之時" -> "光在地球之时" | 校园
Progress: 180/201 | Matched: 132 | Missed: 48
MATCH: [128_5] "文學少女 見習生篇" -> "文学少女系列" | 校园, 恋爱
MATCH: [128_3] "文學少女愛戀插話集" -> "文学少女系列" | 校园, 恋爱
MATCH: [128_4] "青澀作家和文學少女編輯" -> "文学少女系列" | 校园, 恋爱
MATCH: [72_1] "見習元氣女神" -> "元气少女缘结神" | 恋爱
MATCH: [357_1] "寒蟬鳴泣之時 崇殺篇" -> "寒蝉鸣泣之时" | 恐怖
MATCH: [373_1] "花與星" -> "玻璃花与毁坏的世界" | 科幻
MISS:  [278_1] "Re: 從零開始的異世界生活"
MATCH: [129_1] "傳說的勇者的傳說" -> "传说中勇者的传说" | 奇幻, 冒险
MATCH: [270_2] "名偵探柯南 特別篇" -> "名侦探柯南特别篇" | 推理
MATCH: [135_1] "轉生成蜘蛛又怎樣！" -> "转生成反派千金与反派王子的我们" | 恋爱
MATCH: [281_3] "圍裙與加瀨同學" -> "加濑同学系列" | 校园, 百合
MATCH: [281_4] "櫻花與加瀨同學" -> "加濑同学系列" | 校园, 百合
MATCH: [138_2] "灼眼的夏娜 0 Zero" -> "灼眼的夏娜" | 恋爱
MATCH: [138_4] "灼眼的夏娜 炎之設定集" -> "灼眼的夏娜" | 恋爱
MATCH: [177_2] "足球小將 海外激鬥篇 EN LA LIGA" -> "浪客剑心" | 格斗, 奇幻
MISS:  [177_3] "足球小將 海外激鬥篇 IN CALICO"
MISS:  [144_1] "與你耽溺愛河"
MATCH: [344_1] "WORKING!!迷糊餐廳" -> "迷糊餐厅" | 恋爱
MATCH: [286_1] "機動戰士鋼彈SEED DESTINY ASTRAY" -> "机动战士高达SEED" | 机战, 科幻, 战争
MATCH: [389_1] "轉生公主與天才千金的魔法革命" -> "转生王女与天才千金的魔法革命" | 百合
Progress: 200/201 | Matched: 149 | Missed: 51
MATCH: [89_2] "青春豬頭少年系列" -> "青春猪头少年系列" | 科幻

Done! Matched: 150, Missed: 51
澀作家和文學少女編輯 -> 校园, 恋爱
MATCH: [72_1] 見習元氣女神 -> 恋爱
MATCH: [357_1] 寒蟬鳴泣之時 崇殺篇 -> 恐怖
MATCH: [373_1] 花與星 -> 科幻
MISS:  [278_1] Re: 從零開始的異世界生活
MATCH: [129_1] 傳說的勇者的傳說 -> 奇幻, 冒险
MATCH: [270_2] 名偵探柯南 特別篇 -> 推理
MATCH: [135_1] 轉生成蜘蛛又怎樣！ -> 恋爱
MATCH: [281_3] 圍裙與加瀨同學 -> 校园, 百合
MATCH: [281_4] 櫻花與加瀨同學 -> 校园, 百合
MATCH: [138_2] 灼眼的夏娜 0 Zero -> 恋爱
MATCH: [138_4] 灼眼的夏娜 炎之設定集 -> 恋爱
MISS:  [177_2] 足球小將 海外激鬥篇 EN LA LIGA
MISS:  [177_3] 足球小將 海外激鬥篇 IN CALICO
MISS:  [144_1] 與你耽溺愛河
MATCH: [344_1] WORKING!!迷糊餐廳 -> 恋爱
MATCH: [286_1] 機動戰士鋼彈SEED DESTINY ASTRAY -> 机战, 科幻, 战争
MATCH: [389_1] 轉生公主與天才千金的魔法革命 -> 百合
Progress: 200/201 | Matched: 138 | Missed: 62
MATCH: [89_2] 青春豬頭少年系列 -> 科幻

Done! Matched: 139, Missed: 62
